2017-11-23 16:32:41,180 :: ERROR :: Error when send folder : 550 Directory already exists
2017-11-23 16:33:10,162 :: ERROR :: Error when send folder : 550 Directory already exists
2017-11-23 16:36:24,509 :: ERROR :: Error when send folder : [Errno 2] No such file or directory: 'test/caca.txt'
2017-11-23 16:37:08,888 :: ERROR :: Error when send folder : 550 Directory already exists
2017-11-23 16:37:56,315 :: ERROR :: Error when send folder : 550 Directory already exists
2017-11-23 16:38:32,081 :: ERROR :: Error when send folder : 550 Directory already exists
2017-11-23 16:38:50,759 :: ERROR :: Error when send folder : 550 Directory already exists
2017-11-23 16:42:57,091 :: ERROR :: Error when send folder : 550 Directory already exists
2017-11-23 16:46:36,233 :: ERROR :: Error when send folder : 450 Internal error creating the directory.
2017-11-23 16:54:43,093 :: ERROR :: Error when send folder : 550 Directory already exists
2017-11-23 16:55:28,365 :: ERROR :: Error when send folder : 550 Directory already exists
2017-11-23 16:59:14,443 :: ERROR :: Error when send folder : 550 Directory already exists
2017-11-23 17:05:48,838 :: ERROR :: Error when send folder : 550 Directory already exists
2017-11-23 17:05:48,839 :: ERROR :: Error when send files : 550 Filename invalid
2017-11-23 17:07:03,604 :: ERROR :: Error when send folder : 550 Directory already exists
2017-11-23 17:07:03,605 :: ERROR :: Error when send files : 550 Filename invalid
2017-11-23 17:09:18,604 :: ERROR :: Error when send folder : 550 Directory already exists
2017-11-23 17:09:18,605 :: ERROR :: Error when send files : 550 Filename invalid
2017-11-23 17:10:13,501 :: ERROR :: Error when send folder : 550 Directory already exists
2017-11-23 17:10:13,501 :: INFO :: server_local\test\caca.txt
2017-11-23 17:10:13,502 :: ERROR :: Error when send files : 550 Filename invalid
2017-11-23 17:10:47,304 :: ERROR :: Error when send folder : 550 Directory already exists
2017-11-23 17:10:47,304 :: INFO :: caca.txt
2017-11-23 17:10:47,304 :: ERROR :: Error when send files : [Errno 2] No such file or directory: 'caca.txt'
2017-11-23 17:11:10,074 :: ERROR :: Error when send folder : 550 Directory already exists
2017-11-23 17:11:10,074 :: INFO :: server_local/test/caca.txt
2017-11-23 17:11:10,075 :: ERROR :: Error when send files : 550 Filename invalid
2017-11-23 17:11:27,189 :: ERROR :: Error when send folder : 550 Directory already exists
2017-11-23 17:11:27,189 :: INFO :: server_local\test\caca.txt
2017-11-23 17:11:27,190 :: ERROR :: Error when send files : 550 Filename invalid
2017-11-23 17:12:11,224 :: ERROR :: Error when send folder : 550 Directory already exists
2017-11-23 17:12:11,224 :: INFO :: server_local\test\caca.txt
2017-11-23 17:12:11,226 :: ERROR :: Error when send files : 550 Filename invalid
2017-11-23 17:12:32,609 :: ERROR :: Error when send folder : 550 Directory already exists
2017-11-23 17:12:32,610 :: INFO :: caca.txt
2017-11-23 17:13:31,660 :: ERROR :: Error when send folder : 550 Directory already exists
2017-11-23 17:13:31,661 :: INFO :: test/caca.txt
2017-11-23 17:13:31,661 :: ERROR :: Error when send files : [Errno 2] No such file or directory: 'test/caca.txt'
2017-11-23 17:14:59,187 :: ERROR :: Error when send folder : 550 Directory already exists
2017-11-23 17:14:59,187 :: INFO :: test/caca.txt
2017-11-23 17:14:59,187 :: ERROR :: Error when send files : [Errno 2] No such file or directory: 'test/caca.txt'
2017-11-23 17:15:34,870 :: ERROR :: Error when send folder : 550 Directory already exists
2017-11-23 17:15:34,870 :: INFO :: caca.txt
2017-11-23 17:22:09,287 :: ERROR :: Error when send folder : 550 Directory already exists
2017-11-23 17:22:09,288 :: INFO :: ['server_local/test/caca.txt', 'server_local/test/test2.txt']
2017-11-23 17:22:09,288 :: ERROR :: Error when send files : expected str, bytes or os.PathLike object, not list
2017-11-23 17:30:23,320 :: ERROR :: Error when create folder : 550 Directory already exists
2017-11-23 17:30:23,320 :: ERROR :: Error when send files : expected str, bytes or os.PathLike object, not list
2017-11-23 17:30:57,596 :: ERROR :: Error when create folder : 550 Directory already exists
2017-11-23 17:30:57,596 :: ERROR :: Error when send files : expected str, bytes or os.PathLike object, not list
2017-11-23 17:31:47,976 :: ERROR :: Error when create folder : 550 Directory already exists
2017-11-23 17:31:47,977 :: ERROR :: Error when send files : expected str, bytes or os.PathLike object, not list
2017-11-23 17:32:08,330 :: ERROR :: Error when create folder : 550 Directory already exists
2017-11-23 17:32:08,332 :: ERROR :: Error when send files : 550 Filename invalid
2017-11-23 17:33:22,130 :: ERROR :: Error when create folder : 550 Directory already exists
2017-11-23 17:33:22,133 :: ERROR :: Error when send files : 550 Filename invalid
2017-11-23 17:33:43,946 :: ERROR :: Error when create folder : 550 Directory already exists
2017-11-23 17:33:43,949 :: ERROR :: Error when send files : 550 Filename invalid
2017-11-23 17:34:04,295 :: ERROR :: Error when create folder : 550 Directory already exists
2017-11-23 17:34:04,298 :: ERROR :: Error when send files : 550 Filename invalid
2017-11-23 17:34:41,804 :: ERROR :: Error when create folder : 550 File with same name already exists
2017-11-23 17:34:41,805 :: ERROR :: Error when send files : 550 Filename invalid
2017-11-23 17:35:26,872 :: ERROR :: Error when create folder : 550 File with same name already exists
2017-11-23 17:35:26,874 :: ERROR :: Error when send files : 550 Filename invalid
2017-11-23 17:38:22,725 :: ERROR :: Error when create folder : 550 File with same name already exists
2017-11-23 17:38:22,727 :: ERROR :: Error when send files : 550 Filename invalid
2017-11-23 17:38:41,165 :: ERROR :: Error when create folder : 550 File with same name already exists
2017-11-23 17:38:41,167 :: ERROR :: Error when send files : 550 Filename invalid
2017-11-23 17:39:24,975 :: ERROR :: Error when create folder : 550 File with same name already exists
2017-11-23 17:39:24,978 :: ERROR :: Error when send files : 550 Filename invalid
2017-11-23 17:39:54,398 :: ERROR :: Error when create folder : 550 File with same name already exists
2017-11-23 17:39:54,400 :: ERROR :: Error when send files : 550 Filename invalid
2017-11-23 17:40:45,326 :: ERROR :: Error when create folder : 550 File with same name already exists
2017-11-23 17:40:45,328 :: ERROR :: Error when send files : 550 Filename invalid
2017-11-23 17:42:03,756 :: ERROR :: Error when create folder : 550 File with same name already exists
2017-11-23 17:42:19,390 :: ERROR :: Error when create folder : 550 File with same name already exists
2017-11-27 23:22:16,329 :: ERROR :: Error when create folder : 550 Directory already exists
2017-11-30 16:56:41,938 :: INFO :: Connexion :220 Welcome to our server !
2017-11-30 16:56:57,745 :: DEBUG :: ###########################################################
2017-11-30 16:56:57,757 :: INFO :: Connexion :220 Welcome to our server !
2017-11-30 16:56:57,758 :: DEBUG :: Debut Traitement de : [D:\Documents\ISEN\Python - git\Python\TP3\server_local]
2017-11-30 16:56:57,758 :: DEBUG :: Traitement sous dossier [Dossier_1]
2017-11-30 16:56:57,758 :: DEBUG :: Debut Traitement de : [D:\Documents\ISEN\Python - git\Python\TP3\server_local/Dossier_1]
2017-11-30 16:56:57,759 :: DEBUG :: Traitement sous dossier [Dossier_2]
2017-11-30 16:56:57,760 :: DEBUG :: Debut Traitement de : [D:\Documents\ISEN\Python - git\Python\TP3\server_local/Dossier_1/Dossier_2]
2017-11-30 16:56:57,760 :: DEBUG :: Traitement sous dossier [Dossier_3]
2017-11-30 16:56:57,762 :: DEBUG :: Debut Traitement de : [D:\Documents\ISEN\Python - git\Python\TP3\server_local/Dossier_1/Dossier_2/Dossier_3]
2017-11-30 16:56:57,762 :: DEBUG :: Traitement sous dossier [Dossier_4]
2017-11-30 16:56:57,763 :: DEBUG :: Debut Traitement de : [D:\Documents\ISEN\Python - git\Python\TP3\server_local/Dossier_1/Dossier_2/Dossier_3/Dossier_4]
2017-11-30 16:56:57,763 :: DEBUG :: Traitement sous dossier [Dossier_5]
2017-11-30 16:56:57,764 :: DEBUG :: Debut Traitement de : [D:\Documents\ISEN\Python - git\Python\TP3\server_local/Dossier_1/Dossier_2/Dossier_3/Dossier_4/Dossier_5]
2017-11-30 16:56:57,775 :: DEBUG :: Traitement sous dossier [robert]
2017-11-30 16:56:57,776 :: DEBUG :: Debut Traitement de : [D:\Documents\ISEN\Python - git\Python\TP3\server_local/robert]
2017-11-30 16:56:57,776 :: DEBUG :: Traitement [caca.txt]
2017-11-30 16:56:57,776 :: DEBUG :: Envoi du fichier : [D:\Documents\ISEN\Python - git\Python\TP3\server_local/robert\caca.txt]
2017-11-30 16:56:57,781 :: DEBUG :: Traitement [test.txt]
2017-11-30 16:56:57,781 :: DEBUG :: Envoi du fichier : [D:\Documents\ISEN\Python - git\Python\TP3\server_local/robert\test.txt]
2017-11-30 16:56:57,787 :: DEBUG :: Traitement sous dossier [test]
2017-11-30 16:56:57,788 :: DEBUG :: Debut Traitement de : [D:\Documents\ISEN\Python - git\Python\TP3\server_local/test]
2017-11-30 16:56:57,789 :: DEBUG :: Traitement [caca.txt]
2017-11-30 16:56:57,789 :: DEBUG :: Envoi du fichier : [D:\Documents\ISEN\Python - git\Python\TP3\server_local/test\caca.txt]
2017-11-30 16:56:57,798 :: DEBUG :: Traitement sous dossier [mdr]
2017-11-30 16:56:57,799 :: DEBUG :: Debut Traitement de : [D:\Documents\ISEN\Python - git\Python\TP3\server_local/test/mdr]
2017-11-30 16:56:57,800 :: DEBUG :: Traitement [ae.txt]
2017-11-30 16:56:57,800 :: DEBUG :: Envoi du fichier : [D:\Documents\ISEN\Python - git\Python\TP3\server_local/test/mdr\ae.txt]
2017-11-30 16:56:57,806 :: DEBUG :: Traitement [ze.txt]
2017-11-30 16:56:57,806 :: DEBUG :: Envoi du fichier : [D:\Documents\ISEN\Python - git\Python\TP3\server_local/test/mdr\ze.txt]
2017-11-30 16:56:57,812 :: DEBUG :: Traitement [test.txt]
2017-11-30 16:56:57,813 :: DEBUG :: Envoi du fichier : [D:\Documents\ISEN\Python - git\Python\TP3\server_local/test\test.txt]
2017-11-30 16:56:57,818 :: DEBUG :: Traitement [test2.txt]
2017-11-30 16:56:57,818 :: DEBUG :: Envoi du fichier : [D:\Documents\ISEN\Python - git\Python\TP3\server_local/test\test2.txt]
2017-11-30 16:56:57,826 :: DEBUG :: Fin de l'envoi
2017-11-30 16:58:02,092 :: DEBUG :: ###########################################################
2017-11-30 16:58:02,104 :: INFO :: Connexion :220 Welcome to our server !
2017-11-30 16:58:02,104 :: DEBUG :: Debut Traitement de : [D:\Documents\ISEN\Python - git\Python\TP3\server_local]
2017-11-30 16:58:02,105 :: DEBUG :: Traitement sous dossier [Dossier_1]
2017-11-30 16:58:02,106 :: DEBUG :: Debut Traitement de : [D:\Documents\ISEN\Python - git\Python\TP3\server_local/Dossier_1]
2017-11-30 16:58:02,106 :: DEBUG :: Traitement sous dossier [Dossier_2]
2017-11-30 16:58:02,108 :: DEBUG :: Debut Traitement de : [D:\Documents\ISEN\Python - git\Python\TP3\server_local/Dossier_1/Dossier_2]
2017-11-30 16:58:02,109 :: DEBUG :: Traitement sous dossier [Dossier_3]
2017-11-30 16:58:02,110 :: DEBUG :: Debut Traitement de : [D:\Documents\ISEN\Python - git\Python\TP3\server_local/Dossier_1/Dossier_2/Dossier_3]
2017-11-30 16:58:02,111 :: DEBUG :: Traitement sous dossier [Dossier_4]
2017-11-30 16:58:02,112 :: DEBUG :: Debut Traitement de : [D:\Documents\ISEN\Python - git\Python\TP3\server_local/Dossier_1/Dossier_2/Dossier_3/Dossier_4]
2017-11-30 16:58:02,112 :: DEBUG :: Traitement sous dossier [Dossier_5]
2017-11-30 16:58:02,114 :: DEBUG :: Debut Traitement de : [D:\Documents\ISEN\Python - git\Python\TP3\server_local/Dossier_1/Dossier_2/Dossier_3/Dossier_4/Dossier_5]
2017-11-30 16:58:02,117 :: DEBUG :: Traitement sous dossier [robert]
2017-11-30 16:58:02,118 :: DEBUG :: Debut Traitement de : [D:\Documents\ISEN\Python - git\Python\TP3\server_local/robert]
2017-11-30 16:58:02,118 :: DEBUG :: Traitement [caca.txt]
2017-11-30 16:58:02,118 :: DEBUG :: Envoi du fichier : [D:\Documents\ISEN\Python - git\Python\TP3\server_local/robert\caca.txt]
2017-11-30 16:58:02,131 :: DEBUG :: Traitement [test.txt]
2017-11-30 16:58:02,131 :: DEBUG :: Envoi du fichier : [D:\Documents\ISEN\Python - git\Python\TP3\server_local/robert\test.txt]
2017-11-30 16:58:02,138 :: DEBUG :: Traitement sous dossier [test]
2017-11-30 16:58:02,140 :: DEBUG :: Debut Traitement de : [D:\Documents\ISEN\Python - git\Python\TP3\server_local/test]
2017-11-30 16:58:02,141 :: DEBUG :: Traitement [caca.txt]
2017-11-30 16:58:02,141 :: DEBUG :: Envoi du fichier : [D:\Documents\ISEN\Python - git\Python\TP3\server_local/test\caca.txt]
2017-11-30 16:58:02,152 :: DEBUG :: Traitement sous dossier [mdr]
2017-11-30 16:58:02,154 :: DEBUG :: Debut Traitement de : [D:\Documents\ISEN\Python - git\Python\TP3\server_local/test/mdr]
2017-11-30 16:58:02,154 :: DEBUG :: Traitement [ae.txt]
2017-11-30 16:58:02,155 :: DEBUG :: Envoi du fichier : [D:\Documents\ISEN\Python - git\Python\TP3\server_local/test/mdr\ae.txt]
2017-11-30 16:58:02,161 :: DEBUG :: Traitement [ze.txt]
2017-11-30 16:58:02,161 :: DEBUG :: Envoi du fichier : [D:\Documents\ISEN\Python - git\Python\TP3\server_local/test/mdr\ze.txt]
2017-11-30 16:58:02,168 :: DEBUG :: Traitement [test.txt]
2017-11-30 16:58:02,169 :: DEBUG :: Envoi du fichier : [D:\Documents\ISEN\Python - git\Python\TP3\server_local/test\test.txt]
2017-11-30 16:58:02,175 :: DEBUG :: Traitement [test2.txt]
2017-11-30 16:58:02,176 :: DEBUG :: Envoi du fichier : [D:\Documents\ISEN\Python - git\Python\TP3\server_local/test\test2.txt]
2017-11-30 16:58:02,187 :: DEBUG :: Fin de l'envoi
2017-11-30 17:02:33,917 :: DEBUG :: ###########################################################
2017-11-30 17:02:33,923 :: INFO :: Connexion :220 Welcome to our server !
2017-11-30 17:02:33,923 :: DEBUG :: Debut Traitement de : [D:\Documents\ISEN\Python - git\Python\TP3\server_local]
2017-11-30 17:02:33,923 :: DEBUG :: Traitement sous dossier [Dossier_1]
2017-11-30 17:02:33,924 :: DEBUG :: Debut Traitement de : [D:\Documents\ISEN\Python - git\Python\TP3\server_local/Dossier_1]
2017-11-30 17:02:33,924 :: DEBUG :: Traitement sous dossier [Dossier_2]
2017-11-30 17:02:33,924 :: DEBUG :: Debut Traitement de : [D:\Documents\ISEN\Python - git\Python\TP3\server_local/Dossier_1/Dossier_2]
2017-11-30 17:02:33,924 :: DEBUG :: Traitement sous dossier [Dossier_3]
2017-11-30 17:02:33,925 :: DEBUG :: Debut Traitement de : [D:\Documents\ISEN\Python - git\Python\TP3\server_local/Dossier_1/Dossier_2/Dossier_3]
2017-11-30 17:02:33,925 :: DEBUG :: Traitement sous dossier [Dossier_4]
2017-11-30 17:02:33,926 :: DEBUG :: Debut Traitement de : [D:\Documents\ISEN\Python - git\Python\TP3\server_local/Dossier_1/Dossier_2/Dossier_3/Dossier_4]
2017-11-30 17:02:33,926 :: DEBUG :: Traitement sous dossier [Dossier_5]
2017-11-30 17:02:33,927 :: DEBUG :: Debut Traitement de : [D:\Documents\ISEN\Python - git\Python\TP3\server_local/Dossier_1/Dossier_2/Dossier_3/Dossier_4/Dossier_5]
2017-11-30 17:02:33,928 :: DEBUG :: Traitement sous dossier [robert]
2017-11-30 17:02:33,928 :: DEBUG :: Debut Traitement de : [D:\Documents\ISEN\Python - git\Python\TP3\server_local/robert]
2017-11-30 17:02:33,928 :: DEBUG :: Traitement [caca.txt]
2017-11-30 17:02:33,929 :: DEBUG :: Envoi du fichier : [D:\Documents\ISEN\Python - git\Python\TP3\server_local/robert\caca.txt]
2017-11-30 17:02:33,938 :: DEBUG :: Traitement [test.txt]
2017-11-30 17:02:33,939 :: DEBUG :: Envoi du fichier : [D:\Documents\ISEN\Python - git\Python\TP3\server_local/robert\test.txt]
2017-11-30 17:02:33,942 :: DEBUG :: Traitement sous dossier [test]
2017-11-30 17:02:33,942 :: DEBUG :: Debut Traitement de : [D:\Documents\ISEN\Python - git\Python\TP3\server_local/test]
2017-11-30 17:02:33,942 :: DEBUG :: Traitement [caca.txt]
2017-11-30 17:02:33,942 :: DEBUG :: Envoi du fichier : [D:\Documents\ISEN\Python - git\Python\TP3\server_local/test\caca.txt]
2017-11-30 17:02:33,947 :: DEBUG :: Traitement sous dossier [mdr]
2017-11-30 17:02:33,947 :: DEBUG :: Debut Traitement de : [D:\Documents\ISEN\Python - git\Python\TP3\server_local/test/mdr]
2017-11-30 17:02:33,948 :: DEBUG :: Traitement [ae.txt]
2017-11-30 17:02:33,948 :: DEBUG :: Envoi du fichier : [D:\Documents\ISEN\Python - git\Python\TP3\server_local/test/mdr\ae.txt]
2017-11-30 17:02:33,951 :: DEBUG :: Traitement [ze.txt]
2017-11-30 17:02:33,951 :: DEBUG :: Envoi du fichier : [D:\Documents\ISEN\Python - git\Python\TP3\server_local/test/mdr\ze.txt]
2017-11-30 17:02:33,955 :: DEBUG :: Traitement [test.txt]
2017-11-30 17:02:33,955 :: DEBUG :: Envoi du fichier : [D:\Documents\ISEN\Python - git\Python\TP3\server_local/test\test.txt]
2017-11-30 17:02:33,959 :: DEBUG :: Traitement [test2.txt]
2017-11-30 17:02:33,959 :: DEBUG :: Envoi du fichier : [D:\Documents\ISEN\Python - git\Python\TP3\server_local/test\test2.txt]
2017-11-30 17:02:33,965 :: DEBUG :: Fin de l'envoi
2017-11-30 17:10:55,070 :: DEBUG :: ###########################################################
2017-11-30 17:10:55,075 :: INFO :: Connexion :220 Welcome to our server !
2017-11-30 17:10:55,076 :: DEBUG :: Debut Traitement de : [D:\Documents\ISEN\Python - git\Python\TP3\server_local]
2017-11-30 17:10:55,076 :: DEBUG :: Traitement sous dossier [Dossier_1]
2017-11-30 17:10:55,076 :: DEBUG :: Debut Traitement de : [D:\Documents\ISEN\Python - git\Python\TP3\server_local/Dossier_1]
2017-11-30 17:10:55,077 :: DEBUG :: Traitement sous dossier [Dossier_2]
2017-11-30 17:10:55,077 :: DEBUG :: Debut Traitement de : [D:\Documents\ISEN\Python - git\Python\TP3\server_local/Dossier_1/Dossier_2]
2017-11-30 17:10:55,077 :: DEBUG :: Traitement sous dossier [Dossier_3]
2017-11-30 17:10:55,078 :: DEBUG :: Debut Traitement de : [D:\Documents\ISEN\Python - git\Python\TP3\server_local/Dossier_1/Dossier_2/Dossier_3]
2017-11-30 17:10:55,078 :: DEBUG :: Traitement sous dossier [Dossier_4]
2017-11-30 17:10:55,079 :: DEBUG :: Debut Traitement de : [D:\Documents\ISEN\Python - git\Python\TP3\server_local/Dossier_1/Dossier_2/Dossier_3/Dossier_4]
2017-11-30 17:10:55,079 :: DEBUG :: Traitement sous dossier [Dossier_5]
2017-11-30 17:10:55,079 :: DEBUG :: Debut Traitement de : [D:\Documents\ISEN\Python - git\Python\TP3\server_local/Dossier_1/Dossier_2/Dossier_3/Dossier_4/Dossier_5]
2017-11-30 17:10:55,080 :: DEBUG :: Traitement sous dossier [robert]
2017-11-30 17:10:55,080 :: DEBUG :: Debut Traitement de : [D:\Documents\ISEN\Python - git\Python\TP3\server_local/robert]
2017-11-30 17:10:55,081 :: DEBUG :: Traitement [caca.txt]
2017-11-30 17:10:55,081 :: DEBUG :: Envoi du fichier : [D:\Documents\ISEN\Python - git\Python\TP3\server_local/robert\caca.txt]
2017-11-30 17:10:55,090 :: DEBUG :: Traitement [test.txt]
2017-11-30 17:10:55,090 :: DEBUG :: Envoi du fichier : [D:\Documents\ISEN\Python - git\Python\TP3\server_local/robert\test.txt]
2017-11-30 17:10:55,093 :: DEBUG :: Traitement sous dossier [test]
2017-11-30 17:10:55,094 :: DEBUG :: Debut Traitement de : [D:\Documents\ISEN\Python - git\Python\TP3\server_local/test]
2017-11-30 17:10:55,094 :: DEBUG :: Traitement [caca.txt]
2017-11-30 17:10:55,094 :: ERROR :: Le fichier D:\Documents\ISEN\Python - git\Python\TP3\server_local/test\caca.txt depasse la limite autorisée et n'a pas été transféré
2017-11-30 17:10:55,094 :: DEBUG :: Traitement sous dossier [mdr]
2017-11-30 17:10:55,095 :: DEBUG :: Debut Traitement de : [D:\Documents\ISEN\Python - git\Python\TP3\server_local/test/mdr]
2017-11-30 17:10:55,095 :: DEBUG :: Traitement [ae.txt]
2017-11-30 17:10:55,095 :: DEBUG :: Envoi du fichier : [D:\Documents\ISEN\Python - git\Python\TP3\server_local/test/mdr\ae.txt]
2017-11-30 17:10:55,098 :: DEBUG :: Traitement [ze.txt]
2017-11-30 17:10:55,098 :: DEBUG :: Envoi du fichier : [D:\Documents\ISEN\Python - git\Python\TP3\server_local/test/mdr\ze.txt]
2017-11-30 17:10:55,101 :: DEBUG :: Traitement [test.txt]
2017-11-30 17:10:55,101 :: DEBUG :: Envoi du fichier : [D:\Documents\ISEN\Python - git\Python\TP3\server_local/test\test.txt]
2017-11-30 17:10:55,105 :: DEBUG :: Traitement [test2.txt]
2017-11-30 17:10:55,105 :: DEBUG :: Envoi du fichier : [D:\Documents\ISEN\Python - git\Python\TP3\server_local/test\test2.txt]
2017-11-30 17:10:55,111 :: DEBUG :: Fin de l'envoi
2017-11-30 17:11:41,112 :: DEBUG :: ###########################################################
2017-11-30 17:11:41,118 :: INFO :: Connexion :220 Welcome to our server !
2017-11-30 17:11:41,118 :: DEBUG :: Debut Traitement de : [D:\Documents\ISEN\Python - git\Python\TP3\server_local]
2017-11-30 17:11:41,119 :: DEBUG :: Traitement sous dossier [Dossier_1]
2017-11-30 17:11:41,119 :: DEBUG :: Debut Traitement de : [D:\Documents\ISEN\Python - git\Python\TP3\server_local/Dossier_1]
2017-11-30 17:11:41,119 :: DEBUG :: Traitement sous dossier [Dossier_2]
2017-11-30 17:11:41,120 :: DEBUG :: Debut Traitement de : [D:\Documents\ISEN\Python - git\Python\TP3\server_local/Dossier_1/Dossier_2]
2017-11-30 17:11:41,120 :: DEBUG :: Traitement sous dossier [Dossier_3]
2017-11-30 17:11:41,120 :: DEBUG :: Debut Traitement de : [D:\Documents\ISEN\Python - git\Python\TP3\server_local/Dossier_1/Dossier_2/Dossier_3]
2017-11-30 17:11:41,121 :: DEBUG :: Traitement sous dossier [Dossier_4]
2017-11-30 17:11:41,121 :: DEBUG :: Debut Traitement de : [D:\Documents\ISEN\Python - git\Python\TP3\server_local/Dossier_1/Dossier_2/Dossier_3/Dossier_4]
2017-11-30 17:11:41,121 :: DEBUG :: Traitement sous dossier [Dossier_5]
2017-11-30 17:11:41,122 :: DEBUG :: Debut Traitement de : [D:\Documents\ISEN\Python - git\Python\TP3\server_local/Dossier_1/Dossier_2/Dossier_3/Dossier_4/Dossier_5]
2017-11-30 17:11:41,123 :: DEBUG :: Traitement sous dossier [robert]
2017-11-30 17:11:41,124 :: DEBUG :: Debut Traitement de : [D:\Documents\ISEN\Python - git\Python\TP3\server_local/robert]
2017-11-30 17:11:41,124 :: DEBUG :: Traitement [caca.txt]
2017-11-30 17:11:41,124 :: DEBUG :: Envoi du fichier : [D:\Documents\ISEN\Python - git\Python\TP3\server_local/robert\caca.txt]
2017-11-30 17:11:41,132 :: DEBUG :: Traitement [test.txt]
2017-11-30 17:11:41,133 :: DEBUG :: Envoi du fichier : [D:\Documents\ISEN\Python - git\Python\TP3\server_local/robert\test.txt]
2017-11-30 17:11:41,136 :: DEBUG :: Traitement sous dossier [test]
2017-11-30 17:11:41,137 :: DEBUG :: Debut Traitement de : [D:\Documents\ISEN\Python - git\Python\TP3\server_local/test]
2017-11-30 17:11:41,137 :: DEBUG :: Traitement [caca.txt]
2017-11-30 17:11:41,137 :: ERROR :: Le fichier D:\Documents\ISEN\Python - git\Python\TP3\server_local/test/caca.txt depasse la limite autorisée et n'a pas été transféré
2017-11-30 17:11:41,137 :: DEBUG :: Traitement sous dossier [mdr]
2017-11-30 17:11:41,137 :: DEBUG :: Debut Traitement de : [D:\Documents\ISEN\Python - git\Python\TP3\server_local/test/mdr]
2017-11-30 17:11:41,137 :: DEBUG :: Traitement [ae.txt]
2017-11-30 17:11:41,138 :: DEBUG :: Envoi du fichier : [D:\Documents\ISEN\Python - git\Python\TP3\server_local/test/mdr\ae.txt]
2017-11-30 17:11:41,140 :: DEBUG :: Traitement [ze.txt]
2017-11-30 17:11:41,140 :: DEBUG :: Envoi du fichier : [D:\Documents\ISEN\Python - git\Python\TP3\server_local/test/mdr\ze.txt]
2017-11-30 17:11:41,143 :: DEBUG :: Traitement [test.txt]
2017-11-30 17:11:41,143 :: DEBUG :: Envoi du fichier : [D:\Documents\ISEN\Python - git\Python\TP3\server_local/test\test.txt]
2017-11-30 17:11:41,146 :: DEBUG :: Traitement [test2.txt]
2017-11-30 17:11:41,147 :: DEBUG :: Envoi du fichier : [D:\Documents\ISEN\Python - git\Python\TP3\server_local/test\test2.txt]
2017-11-30 17:11:41,152 :: DEBUG :: Fin de l'envoi
2017-12-02 21:41:29,760 :: DEBUG :: ###########################################################
2017-12-02 21:41:29,837 :: INFO :: Connexion :220 Welcome to our server !
2017-12-02 21:41:29,837 :: DEBUG :: Debut Traitement de : [D:\Documents\ISEN\Python - git\Python\TP3\server_local]
2017-12-02 21:41:29,837 :: DEBUG :: Traitement sous dossier [Dossier_1]
2017-12-02 21:41:29,837 :: DEBUG :: Debut Traitement de : [D:\Documents\ISEN\Python - git\Python\TP3\server_local/Dossier_1]
2017-12-02 21:41:29,838 :: DEBUG :: Traitement sous dossier [Dossier_2]
2017-12-02 21:41:29,838 :: DEBUG :: Debut Traitement de : [D:\Documents\ISEN\Python - git\Python\TP3\server_local/Dossier_1/Dossier_2]
2017-12-02 21:41:29,838 :: DEBUG :: Traitement sous dossier [Dossier_3]
2017-12-02 21:41:29,838 :: DEBUG :: Debut Traitement de : [D:\Documents\ISEN\Python - git\Python\TP3\server_local/Dossier_1/Dossier_2/Dossier_3]
2017-12-02 21:41:29,838 :: DEBUG :: Traitement sous dossier [Dossier_4]
2017-12-02 21:41:29,839 :: DEBUG :: Debut Traitement de : [D:\Documents\ISEN\Python - git\Python\TP3\server_local/Dossier_1/Dossier_2/Dossier_3/Dossier_4]
2017-12-02 21:41:29,839 :: DEBUG :: Traitement sous dossier [Dossier_5]
2017-12-02 21:41:29,840 :: DEBUG :: Debut Traitement de : [D:\Documents\ISEN\Python - git\Python\TP3\server_local/Dossier_1/Dossier_2/Dossier_3/Dossier_4/Dossier_5]
2017-12-02 21:41:29,840 :: DEBUG :: Traitement sous dossier [robert]
2017-12-02 21:41:29,841 :: DEBUG :: Debut Traitement de : [D:\Documents\ISEN\Python - git\Python\TP3\server_local/robert]
2017-12-02 21:41:29,841 :: DEBUG :: Traitement [caca.txt]
2017-12-02 21:41:29,841 :: DEBUG :: Envoi du fichier : [D:\Documents\ISEN\Python - git\Python\TP3\server_local/robert\caca.txt]
2017-12-02 21:41:29,861 :: DEBUG :: Traitement [test.txt]
2017-12-02 21:41:29,861 :: DEBUG :: Envoi du fichier : [D:\Documents\ISEN\Python - git\Python\TP3\server_local/robert\test.txt]
2017-12-02 21:41:29,866 :: DEBUG :: Traitement sous dossier [test]
2017-12-02 21:41:29,867 :: DEBUG :: Debut Traitement de : [D:\Documents\ISEN\Python - git\Python\TP3\server_local/test]
2017-12-02 21:41:29,867 :: DEBUG :: Traitement [caca.txt]
2017-12-02 21:41:29,867 :: ERROR :: Le fichier D:\Documents\ISEN\Python - git\Python\TP3\server_local/test/caca.txt depasse la limite autorisée et n'a pas été transféré
2017-12-02 21:41:29,868 :: DEBUG :: Traitement sous dossier [mdr]
2017-12-02 21:41:29,868 :: DEBUG :: Debut Traitement de : [D:\Documents\ISEN\Python - git\Python\TP3\server_local/test/mdr]
2017-12-02 21:41:29,868 :: DEBUG :: Traitement [ae.txt]
2017-12-02 21:41:29,868 :: DEBUG :: Envoi du fichier : [D:\Documents\ISEN\Python - git\Python\TP3\server_local/test/mdr\ae.txt]
2017-12-02 21:41:29,872 :: DEBUG :: Traitement [ze.txt]
2017-12-02 21:41:29,872 :: DEBUG :: Envoi du fichier : [D:\Documents\ISEN\Python - git\Python\TP3\server_local/test/mdr\ze.txt]
2017-12-02 21:41:29,875 :: DEBUG :: Traitement [test.txt]
2017-12-02 21:41:29,875 :: DEBUG :: Envoi du fichier : [D:\Documents\ISEN\Python - git\Python\TP3\server_local/test\test.txt]
2017-12-02 21:41:29,879 :: DEBUG :: Traitement [test2.txt]
2017-12-02 21:41:29,879 :: DEBUG :: Envoi du fichier : [D:\Documents\ISEN\Python - git\Python\TP3\server_local/test\test2.txt]
2017-12-02 21:41:29,884 :: DEBUG :: Fin de l'envoi
2017-12-02 21:42:03,654 :: DEBUG :: ###########################################################
2017-12-02 21:42:03,660 :: INFO :: Connexion :220 Welcome to our server !
2017-12-02 21:42:03,661 :: DEBUG :: Debut Traitement de : [D:\Documents\ISEN\Python - git\Python\TP3\server_local]
2017-12-02 21:42:03,661 :: DEBUG :: Traitement sous dossier [Dossier_1]
2017-12-02 21:42:03,661 :: DEBUG :: Debut Traitement de : [D:\Documents\ISEN\Python - git\Python\TP3\server_local/Dossier_1]
2017-12-02 21:42:03,662 :: DEBUG :: Traitement sous dossier [Dossier_2]
2017-12-02 21:42:03,662 :: DEBUG :: Debut Traitement de : [D:\Documents\ISEN\Python - git\Python\TP3\server_local/Dossier_1/Dossier_2]
2017-12-02 21:42:03,662 :: DEBUG :: Traitement sous dossier [Dossier_3]
2017-12-02 21:42:03,663 :: DEBUG :: Debut Traitement de : [D:\Documents\ISEN\Python - git\Python\TP3\server_local/Dossier_1/Dossier_2/Dossier_3]
2017-12-02 21:42:03,663 :: DEBUG :: Traitement sous dossier [Dossier_4]
2017-12-02 21:42:03,664 :: DEBUG :: Debut Traitement de : [D:\Documents\ISEN\Python - git\Python\TP3\server_local/Dossier_1/Dossier_2/Dossier_3/Dossier_4]
2017-12-02 21:42:03,664 :: DEBUG :: Traitement sous dossier [Dossier_5]
2017-12-02 21:42:03,665 :: DEBUG :: Debut Traitement de : [D:\Documents\ISEN\Python - git\Python\TP3\server_local/Dossier_1/Dossier_2/Dossier_3/Dossier_4/Dossier_5]
2017-12-02 21:42:03,666 :: DEBUG :: Traitement sous dossier [robert]
2017-12-02 21:42:03,666 :: DEBUG :: Debut Traitement de : [D:\Documents\ISEN\Python - git\Python\TP3\server_local/robert]
2017-12-02 21:42:03,666 :: DEBUG :: Traitement [caca.txt]
2017-12-02 21:42:03,666 :: DEBUG :: Envoi du fichier : [D:\Documents\ISEN\Python - git\Python\TP3\server_local/robert\caca.txt]
2017-12-02 21:42:03,672 :: DEBUG :: Traitement [test.txt]
2017-12-02 21:42:03,672 :: DEBUG :: Envoi du fichier : [D:\Documents\ISEN\Python - git\Python\TP3\server_local/robert\test.txt]
2017-12-02 21:42:03,676 :: DEBUG :: Traitement sous dossier [test]
2017-12-02 21:42:03,676 :: DEBUG :: Debut Traitement de : [D:\Documents\ISEN\Python - git\Python\TP3\server_local/test]
2017-12-02 21:42:03,676 :: DEBUG :: Traitement [caca.txt]
2017-12-02 21:42:03,676 :: ERROR :: Le fichier D:\Documents\ISEN\Python - git\Python\TP3\server_local/test/caca.txt depasse la limite autorisée et n'a pas été transféré
2017-12-02 21:42:03,676 :: DEBUG :: Traitement sous dossier [mdr]
2017-12-02 21:42:03,677 :: DEBUG :: Debut Traitement de : [D:\Documents\ISEN\Python - git\Python\TP3\server_local/test/mdr]
2017-12-02 21:42:03,677 :: DEBUG :: Traitement [ae.txt]
2017-12-02 21:42:03,677 :: DEBUG :: Envoi du fichier : [D:\Documents\ISEN\Python - git\Python\TP3\server_local/test/mdr\ae.txt]
2017-12-02 21:42:03,680 :: DEBUG :: Traitement [ze.txt]
2017-12-02 21:42:03,681 :: DEBUG :: Envoi du fichier : [D:\Documents\ISEN\Python - git\Python\TP3\server_local/test/mdr\ze.txt]
2017-12-02 21:42:03,685 :: DEBUG :: Traitement [test.txt]
2017-12-02 21:42:03,685 :: DEBUG :: Envoi du fichier : [D:\Documents\ISEN\Python - git\Python\TP3\server_local/test\test.txt]
2017-12-02 21:42:03,688 :: DEBUG :: Traitement [test2.txt]
2017-12-02 21:42:03,688 :: DEBUG :: Envoi du fichier : [D:\Documents\ISEN\Python - git\Python\TP3\server_local/test\test2.txt]
2017-12-02 21:42:03,697 :: DEBUG :: Fin de l'envoi
2017-12-02 21:43:21,984 :: DEBUG :: ###########################################################
2017-12-02 21:43:21,992 :: INFO :: Connexion :220 Welcome to our server !
2017-12-02 21:43:21,992 :: DEBUG :: Debut Traitement de : [D:\Documents\ISEN\Python - git\Python\TP3\server_local]
2017-12-02 21:43:21,992 :: DEBUG :: Traitement sous dossier [Dossier_1]
2017-12-02 21:43:21,993 :: DEBUG :: Debut Traitement de : [D:\Documents\ISEN\Python - git\Python\TP3\server_local/Dossier_1]
2017-12-02 21:43:21,993 :: DEBUG :: Traitement sous dossier [Dossier_2]
2017-12-02 21:43:21,994 :: DEBUG :: Debut Traitement de : [D:\Documents\ISEN\Python - git\Python\TP3\server_local/Dossier_1/Dossier_2]
2017-12-02 21:43:21,994 :: DEBUG :: Traitement sous dossier [Dossier_3]
2017-12-02 21:43:21,995 :: DEBUG :: Debut Traitement de : [D:\Documents\ISEN\Python - git\Python\TP3\server_local/Dossier_1/Dossier_2/Dossier_3]
2017-12-02 21:43:21,995 :: DEBUG :: Traitement sous dossier [Dossier_4]
2017-12-02 21:43:21,996 :: DEBUG :: Debut Traitement de : [D:\Documents\ISEN\Python - git\Python\TP3\server_local/Dossier_1/Dossier_2/Dossier_3/Dossier_4]
2017-12-02 21:43:21,996 :: DEBUG :: Traitement sous dossier [Dossier_5]
2017-12-02 21:43:21,997 :: DEBUG :: Debut Traitement de : [D:\Documents\ISEN\Python - git\Python\TP3\server_local/Dossier_1/Dossier_2/Dossier_3/Dossier_4/Dossier_5]
2017-12-02 21:43:21,998 :: DEBUG :: Traitement sous dossier [robert]
2017-12-02 21:43:21,999 :: DEBUG :: Debut Traitement de : [D:\Documents\ISEN\Python - git\Python\TP3\server_local/robert]
2017-12-02 21:43:21,999 :: DEBUG :: Traitement [caca.txt]
2017-12-02 21:43:21,999 :: DEBUG :: Envoi du fichier : [D:\Documents\ISEN\Python - git\Python\TP3\server_local/robert\caca.txt]
2017-12-02 21:43:22,009 :: DEBUG :: Traitement [test.txt]
2017-12-02 21:43:22,009 :: DEBUG :: Envoi du fichier : [D:\Documents\ISEN\Python - git\Python\TP3\server_local/robert\test.txt]
2017-12-02 21:43:22,012 :: DEBUG :: Traitement sous dossier [test]
2017-12-02 21:43:22,012 :: DEBUG :: Debut Traitement de : [D:\Documents\ISEN\Python - git\Python\TP3\server_local/test]
2017-12-02 21:43:22,012 :: DEBUG :: Traitement [caca.txt]
2017-12-02 21:43:22,013 :: ERROR :: Le fichier D:\Documents\ISEN\Python - git\Python\TP3\server_local/test/caca.txt depasse la limite autorisée et n'a pas été transféré
2017-12-02 21:43:22,013 :: DEBUG :: Traitement sous dossier [mdr]
2017-12-02 21:43:22,013 :: DEBUG :: Debut Traitement de : [D:\Documents\ISEN\Python - git\Python\TP3\server_local/test/mdr]
2017-12-02 21:43:22,013 :: DEBUG :: Traitement [ae.txt]
2017-12-02 21:43:22,014 :: DEBUG :: Envoi du fichier : [D:\Documents\ISEN\Python - git\Python\TP3\server_local/test/mdr\ae.txt]
2017-12-02 21:43:22,016 :: DEBUG :: Traitement [ze.txt]
2017-12-02 21:43:22,017 :: DEBUG :: Envoi du fichier : [D:\Documents\ISEN\Python - git\Python\TP3\server_local/test/mdr\ze.txt]
2017-12-02 21:43:22,020 :: DEBUG :: Traitement [test.txt]
2017-12-02 21:43:22,020 :: DEBUG :: Envoi du fichier : [D:\Documents\ISEN\Python - git\Python\TP3\server_local/test\test.txt]
2017-12-02 21:43:22,024 :: DEBUG :: Traitement [test2.txt]
2017-12-02 21:43:22,024 :: DEBUG :: Envoi du fichier : [D:\Documents\ISEN\Python - git\Python\TP3\server_local/test\test2.txt]
2017-12-02 21:43:22,029 :: DEBUG :: Fin de l'envoi
2017-12-02 21:44:08,143 :: DEBUG :: ###########################################################
2017-12-02 21:44:08,148 :: INFO :: Connexion :220 Welcome to our server !
2017-12-02 21:44:08,149 :: DEBUG :: Debut Traitement de : [D:\Documents\ISEN\Python - git\Python\TP3\server_local]
2017-12-02 21:44:08,149 :: DEBUG :: Traitement sous dossier [Dossier_1]
2017-12-02 21:44:08,149 :: DEBUG :: Debut Traitement de : [D:\Documents\ISEN\Python - git\Python\TP3\server_local/Dossier_1]
2017-12-02 21:44:08,150 :: DEBUG :: Traitement sous dossier [Dossier_2]
2017-12-02 21:44:08,150 :: DEBUG :: Debut Traitement de : [D:\Documents\ISEN\Python - git\Python\TP3\server_local/Dossier_1/Dossier_2]
2017-12-02 21:44:08,150 :: DEBUG :: Traitement sous dossier [Dossier_3]
2017-12-02 21:44:08,151 :: DEBUG :: Debut Traitement de : [D:\Documents\ISEN\Python - git\Python\TP3\server_local/Dossier_1/Dossier_2/Dossier_3]
2017-12-02 21:44:08,151 :: DEBUG :: Traitement sous dossier [Dossier_4]
2017-12-02 21:44:08,152 :: DEBUG :: Debut Traitement de : [D:\Documents\ISEN\Python - git\Python\TP3\server_local/Dossier_1/Dossier_2/Dossier_3/Dossier_4]
2017-12-02 21:44:08,152 :: DEBUG :: Traitement sous dossier [Dossier_5]
2017-12-02 21:44:08,152 :: DEBUG :: Debut Traitement de : [D:\Documents\ISEN\Python - git\Python\TP3\server_local/Dossier_1/Dossier_2/Dossier_3/Dossier_4/Dossier_5]
2017-12-02 21:44:08,153 :: DEBUG :: Traitement sous dossier [robert]
2017-12-02 21:44:08,154 :: DEBUG :: Debut Traitement de : [D:\Documents\ISEN\Python - git\Python\TP3\server_local/robert]
2017-12-02 21:44:08,154 :: DEBUG :: Traitement [caca.txt]
2017-12-02 21:44:08,154 :: DEBUG :: Envoi du fichier : [D:\Documents\ISEN\Python - git\Python\TP3\server_local/robert\caca.txt]
2017-12-02 21:44:08,163 :: DEBUG :: Traitement [test.txt]
2017-12-02 21:44:08,164 :: DEBUG :: Envoi du fichier : [D:\Documents\ISEN\Python - git\Python\TP3\server_local/robert\test.txt]
2017-12-02 21:44:08,167 :: DEBUG :: Traitement sous dossier [test]
2017-12-02 21:44:08,168 :: DEBUG :: Debut Traitement de : [D:\Documents\ISEN\Python - git\Python\TP3\server_local/test]
2017-12-02 21:44:08,168 :: DEBUG :: Traitement [caca.txt]
2017-12-02 21:44:08,168 :: ERROR :: Le fichier D:\Documents\ISEN\Python - git\Python\TP3\server_local/test/caca.txt depasse la limite autorisée et n'a pas été transféré
2017-12-02 21:44:08,168 :: DEBUG :: Traitement sous dossier [mdr]
2017-12-02 21:44:08,168 :: DEBUG :: Debut Traitement de : [D:\Documents\ISEN\Python - git\Python\TP3\server_local/test/mdr]
2017-12-02 21:44:08,168 :: DEBUG :: Traitement [ae.txt]
2017-12-02 21:44:08,169 :: DEBUG :: Envoi du fichier : [D:\Documents\ISEN\Python - git\Python\TP3\server_local/test/mdr\ae.txt]
2017-12-02 21:44:08,172 :: DEBUG :: Traitement [ze.txt]
2017-12-02 21:44:08,172 :: DEBUG :: Envoi du fichier : [D:\Documents\ISEN\Python - git\Python\TP3\server_local/test/mdr\ze.txt]
2017-12-02 21:44:08,175 :: DEBUG :: Traitement [test.txt]
2017-12-02 21:44:08,175 :: DEBUG :: Envoi du fichier : [D:\Documents\ISEN\Python - git\Python\TP3\server_local/test\test.txt]
2017-12-02 21:44:08,178 :: DEBUG :: Traitement [test2.txt]
2017-12-02 21:44:08,178 :: DEBUG :: Envoi du fichier : [D:\Documents\ISEN\Python - git\Python\TP3\server_local/test\test2.txt]
2017-12-02 21:44:08,184 :: DEBUG :: Fin de l'envoi
2017-12-02 21:45:18,018 :: DEBUG :: ###########################################################
2017-12-02 21:45:18,024 :: INFO :: Connexion :220 Welcome to our server !
2017-12-02 21:45:18,024 :: DEBUG :: Debut Traitement de : [D:\Documents\ISEN\Python - git\Python\TP3\server_local]
2017-12-02 21:45:18,024 :: DEBUG :: Traitement sous dossier [Dossier_1]
2017-12-02 21:45:18,025 :: DEBUG :: Debut Traitement de : [D:\Documents\ISEN\Python - git\Python\TP3\server_local/Dossier_1]
2017-12-02 21:45:18,025 :: DEBUG :: Traitement sous dossier [Dossier_2]
2017-12-02 21:45:18,025 :: DEBUG :: Debut Traitement de : [D:\Documents\ISEN\Python - git\Python\TP3\server_local/Dossier_1/Dossier_2]
2017-12-02 21:45:18,026 :: DEBUG :: Traitement sous dossier [Dossier_3]
2017-12-02 21:45:18,026 :: DEBUG :: Debut Traitement de : [D:\Documents\ISEN\Python - git\Python\TP3\server_local/Dossier_1/Dossier_2/Dossier_3]
2017-12-02 21:45:18,026 :: DEBUG :: Traitement sous dossier [Dossier_4]
2017-12-02 21:45:18,027 :: DEBUG :: Debut Traitement de : [D:\Documents\ISEN\Python - git\Python\TP3\server_local/Dossier_1/Dossier_2/Dossier_3/Dossier_4]
2017-12-02 21:45:18,027 :: DEBUG :: Traitement sous dossier [Dossier_5]
2017-12-02 21:45:18,027 :: DEBUG :: Debut Traitement de : [D:\Documents\ISEN\Python - git\Python\TP3\server_local/Dossier_1/Dossier_2/Dossier_3/Dossier_4/Dossier_5]
2017-12-02 21:45:18,028 :: DEBUG :: Traitement sous dossier [robert]
2017-12-02 21:45:18,029 :: DEBUG :: Debut Traitement de : [D:\Documents\ISEN\Python - git\Python\TP3\server_local/robert]
2017-12-02 21:45:18,029 :: DEBUG :: Traitement [caca.txt]
2017-12-02 21:45:18,029 :: DEBUG :: Envoi du fichier : [D:\Documents\ISEN\Python - git\Python\TP3\server_local/robert\caca.txt]
2017-12-02 21:45:18,038 :: DEBUG :: Traitement [test.txt]
2017-12-02 21:45:18,039 :: DEBUG :: Envoi du fichier : [D:\Documents\ISEN\Python - git\Python\TP3\server_local/robert\test.txt]
2017-12-02 21:45:18,042 :: DEBUG :: Traitement sous dossier [test]
2017-12-02 21:45:18,043 :: DEBUG :: Debut Traitement de : [D:\Documents\ISEN\Python - git\Python\TP3\server_local/test]
2017-12-02 21:45:18,043 :: DEBUG :: Traitement [caca.txt]
2017-12-02 21:45:18,043 :: ERROR :: Le fichier D:\Documents\ISEN\Python - git\Python\TP3\server_local/test/caca.txt depasse la limite autorisée et n'a pas été transféré
2017-12-02 21:45:18,043 :: DEBUG :: Traitement sous dossier [mdr]
2017-12-02 21:45:18,044 :: DEBUG :: Debut Traitement de : [D:\Documents\ISEN\Python - git\Python\TP3\server_local/test/mdr]
2017-12-02 21:45:18,044 :: DEBUG :: Traitement [ae.txt]
2017-12-02 21:45:18,044 :: DEBUG :: Envoi du fichier : [D:\Documents\ISEN\Python - git\Python\TP3\server_local/test/mdr\ae.txt]
2017-12-02 21:45:18,047 :: DEBUG :: Traitement [ze.txt]
2017-12-02 21:45:18,047 :: DEBUG :: Envoi du fichier : [D:\Documents\ISEN\Python - git\Python\TP3\server_local/test/mdr\ze.txt]
2017-12-02 21:45:18,050 :: DEBUG :: Traitement [test.txt]
2017-12-02 21:45:18,051 :: DEBUG :: Envoi du fichier : [D:\Documents\ISEN\Python - git\Python\TP3\server_local/test\test.txt]
2017-12-02 21:45:18,054 :: DEBUG :: Traitement [test2.txt]
2017-12-02 21:45:18,054 :: DEBUG :: Envoi du fichier : [D:\Documents\ISEN\Python - git\Python\TP3\server_local/test\test2.txt]
2017-12-02 21:45:18,059 :: DEBUG :: Fin de l'envoi
2017-12-02 21:45:24,822 :: DEBUG :: ###########################################################
2017-12-02 21:45:24,828 :: INFO :: Connexion :220 Welcome to our server !
2017-12-02 21:45:24,828 :: DEBUG :: Debut Traitement de : [D:\Documents\ISEN\Python - git\Python\TP3\server_local]
2017-12-02 21:45:24,828 :: DEBUG :: Traitement sous dossier [Dossier_1]
2017-12-02 21:45:24,829 :: DEBUG :: Debut Traitement de : [D:\Documents\ISEN\Python - git\Python\TP3\server_local/Dossier_1]
2017-12-02 21:45:24,829 :: DEBUG :: Traitement sous dossier [Dossier_2]
2017-12-02 21:45:24,829 :: DEBUG :: Debut Traitement de : [D:\Documents\ISEN\Python - git\Python\TP3\server_local/Dossier_1/Dossier_2]
2017-12-02 21:45:24,830 :: DEBUG :: Traitement sous dossier [Dossier_3]
2017-12-02 21:45:24,831 :: DEBUG :: Debut Traitement de : [D:\Documents\ISEN\Python - git\Python\TP3\server_local/Dossier_1/Dossier_2/Dossier_3]
2017-12-02 21:45:24,831 :: DEBUG :: Traitement sous dossier [Dossier_4]
2017-12-02 21:45:24,831 :: DEBUG :: Debut Traitement de : [D:\Documents\ISEN\Python - git\Python\TP3\server_local/Dossier_1/Dossier_2/Dossier_3/Dossier_4]
2017-12-02 21:45:24,832 :: DEBUG :: Traitement sous dossier [Dossier_5]
2017-12-02 21:45:24,832 :: DEBUG :: Debut Traitement de : [D:\Documents\ISEN\Python - git\Python\TP3\server_local/Dossier_1/Dossier_2/Dossier_3/Dossier_4/Dossier_5]
2017-12-02 21:45:24,833 :: DEBUG :: Traitement sous dossier [robert]
2017-12-02 21:45:24,834 :: DEBUG :: Debut Traitement de : [D:\Documents\ISEN\Python - git\Python\TP3\server_local/robert]
2017-12-02 21:45:24,834 :: DEBUG :: Traitement [caca.txt]
2017-12-02 21:45:24,834 :: DEBUG :: Envoi du fichier : [D:\Documents\ISEN\Python - git\Python\TP3\server_local/robert\caca.txt]
2017-12-02 21:45:24,843 :: DEBUG :: Traitement [test.txt]
2017-12-02 21:45:24,843 :: DEBUG :: Envoi du fichier : [D:\Documents\ISEN\Python - git\Python\TP3\server_local/robert\test.txt]
2017-12-02 21:45:24,847 :: DEBUG :: Traitement sous dossier [test]
2017-12-02 21:45:24,847 :: DEBUG :: Debut Traitement de : [D:\Documents\ISEN\Python - git\Python\TP3\server_local/test]
2017-12-02 21:45:24,847 :: DEBUG :: Traitement [caca.txt]
2017-12-02 21:45:24,848 :: ERROR :: Le fichier D:\Documents\ISEN\Python - git\Python\TP3\server_local/test/caca.txt depasse la limite autorisée et n'a pas été transféré
2017-12-02 21:45:24,848 :: DEBUG :: Traitement sous dossier [mdr]
2017-12-02 21:45:24,848 :: DEBUG :: Debut Traitement de : [D:\Documents\ISEN\Python - git\Python\TP3\server_local/test/mdr]
2017-12-02 21:45:24,849 :: DEBUG :: Traitement [ae.txt]
2017-12-02 21:45:24,849 :: DEBUG :: Envoi du fichier : [D:\Documents\ISEN\Python - git\Python\TP3\server_local/test/mdr\ae.txt]
2017-12-02 21:45:24,852 :: DEBUG :: Traitement [ze.txt]
2017-12-02 21:45:24,853 :: DEBUG :: Envoi du fichier : [D:\Documents\ISEN\Python - git\Python\TP3\server_local/test/mdr\ze.txt]
2017-12-02 21:45:24,856 :: DEBUG :: Traitement [test.txt]
2017-12-02 21:45:24,856 :: DEBUG :: Envoi du fichier : [D:\Documents\ISEN\Python - git\Python\TP3\server_local/test\test.txt]
2017-12-02 21:45:24,859 :: DEBUG :: Traitement [test2.txt]
2017-12-02 21:45:24,859 :: DEBUG :: Envoi du fichier : [D:\Documents\ISEN\Python - git\Python\TP3\server_local/test\test2.txt]
2017-12-02 21:45:24,865 :: DEBUG :: Fin de l'envoi
2017-12-02 21:47:06,020 :: DEBUG :: ###########################################################
2017-12-02 21:47:06,026 :: INFO :: Connexion :220 Welcome to our server !
2017-12-02 21:47:06,026 :: DEBUG :: Debut Traitement de : [D:\Documents\ISEN\Python - git\Python\TP3\server_local]
2017-12-02 21:47:06,026 :: DEBUG :: Traitement sous dossier [Dossier_1]
2017-12-02 21:47:06,027 :: DEBUG :: Debut Traitement de : [D:\Documents\ISEN\Python - git\Python\TP3\server_local/Dossier_1]
2017-12-02 21:47:06,027 :: DEBUG :: Traitement sous dossier [Dossier_2]
2017-12-02 21:47:06,028 :: DEBUG :: Debut Traitement de : [D:\Documents\ISEN\Python - git\Python\TP3\server_local/Dossier_1/Dossier_2]
2017-12-02 21:47:06,028 :: DEBUG :: Traitement sous dossier [Dossier_3]
2017-12-02 21:47:06,029 :: DEBUG :: Debut Traitement de : [D:\Documents\ISEN\Python - git\Python\TP3\server_local/Dossier_1/Dossier_2/Dossier_3]
2017-12-02 21:47:06,029 :: DEBUG :: Traitement sous dossier [Dossier_4]
2017-12-02 21:47:06,029 :: DEBUG :: Debut Traitement de : [D:\Documents\ISEN\Python - git\Python\TP3\server_local/Dossier_1/Dossier_2/Dossier_3/Dossier_4]
2017-12-02 21:47:06,030 :: DEBUG :: Traitement sous dossier [Dossier_5]
2017-12-02 21:47:06,030 :: DEBUG :: Debut Traitement de : [D:\Documents\ISEN\Python - git\Python\TP3\server_local/Dossier_1/Dossier_2/Dossier_3/Dossier_4/Dossier_5]
2017-12-02 21:47:06,031 :: DEBUG :: Traitement sous dossier [robert]
2017-12-02 21:47:06,032 :: DEBUG :: Debut Traitement de : [D:\Documents\ISEN\Python - git\Python\TP3\server_local/robert]
2017-12-02 21:47:06,032 :: DEBUG :: Traitement [caca.txt]
2017-12-02 21:47:06,032 :: DEBUG :: Envoi du fichier : [D:\Documents\ISEN\Python - git\Python\TP3\server_local/robert\caca.txt]
2017-12-02 21:47:06,042 :: DEBUG :: Traitement [test.txt]
2017-12-02 21:47:06,042 :: DEBUG :: Envoi du fichier : [D:\Documents\ISEN\Python - git\Python\TP3\server_local/robert\test.txt]
2017-12-02 21:47:06,047 :: DEBUG :: Traitement sous dossier [test]
2017-12-02 21:47:06,048 :: DEBUG :: Debut Traitement de : [D:\Documents\ISEN\Python - git\Python\TP3\server_local/test]
2017-12-02 21:47:06,048 :: DEBUG :: Traitement [caca.txt]
2017-12-02 21:47:06,049 :: ERROR :: Le fichier D:\Documents\ISEN\Python - git\Python\TP3\server_local/test/caca.txt depasse la limite autorisée et n'a pas été transféré
2017-12-02 21:47:06,049 :: DEBUG :: Traitement sous dossier [mdr]
2017-12-02 21:47:06,049 :: DEBUG :: Debut Traitement de : [D:\Documents\ISEN\Python - git\Python\TP3\server_local/test/mdr]
2017-12-02 21:47:06,049 :: DEBUG :: Traitement [ae.txt]
2017-12-02 21:47:06,049 :: DEBUG :: Envoi du fichier : [D:\Documents\ISEN\Python - git\Python\TP3\server_local/test/mdr\ae.txt]
2017-12-02 21:47:06,053 :: DEBUG :: Traitement [ze.txt]
2017-12-02 21:47:06,053 :: DEBUG :: Envoi du fichier : [D:\Documents\ISEN\Python - git\Python\TP3\server_local/test/mdr\ze.txt]
2017-12-02 21:47:06,058 :: DEBUG :: Traitement [test.txt]
2017-12-02 21:47:06,058 :: DEBUG :: Envoi du fichier : [D:\Documents\ISEN\Python - git\Python\TP3\server_local/test\test.txt]
2017-12-02 21:47:06,061 :: DEBUG :: Traitement [test2.txt]
2017-12-02 21:47:06,061 :: DEBUG :: Envoi du fichier : [D:\Documents\ISEN\Python - git\Python\TP3\server_local/test\test2.txt]
2017-12-02 21:47:06,069 :: DEBUG :: Fin de l'envoi
2017-12-02 21:47:20,467 :: DEBUG :: ###########################################################
2017-12-02 21:47:20,473 :: INFO :: Connexion :220 Welcome to our server !
2017-12-02 21:47:20,473 :: DEBUG :: Debut Traitement de : [D:\Documents\ISEN\Python - git\Python\TP3\server_local]
2017-12-02 21:47:20,473 :: DEBUG :: Traitement sous dossier [Dossier_1]
2017-12-02 21:47:20,474 :: DEBUG :: Debut Traitement de : [D:\Documents\ISEN\Python - git\Python\TP3\server_local/Dossier_1]
2017-12-02 21:47:20,474 :: DEBUG :: Traitement sous dossier [Dossier_2]
2017-12-02 21:47:20,474 :: DEBUG :: Debut Traitement de : [D:\Documents\ISEN\Python - git\Python\TP3\server_local/Dossier_1/Dossier_2]
2017-12-02 21:47:20,474 :: DEBUG :: Traitement sous dossier [Dossier_3]
2017-12-02 21:47:20,475 :: DEBUG :: Debut Traitement de : [D:\Documents\ISEN\Python - git\Python\TP3\server_local/Dossier_1/Dossier_2/Dossier_3]
2017-12-02 21:47:20,475 :: DEBUG :: Traitement sous dossier [Dossier_4]
2017-12-02 21:47:20,476 :: DEBUG :: Debut Traitement de : [D:\Documents\ISEN\Python - git\Python\TP3\server_local/Dossier_1/Dossier_2/Dossier_3/Dossier_4]
2017-12-02 21:47:20,476 :: DEBUG :: Traitement sous dossier [Dossier_5]
2017-12-02 21:47:20,476 :: DEBUG :: Debut Traitement de : [D:\Documents\ISEN\Python - git\Python\TP3\server_local/Dossier_1/Dossier_2/Dossier_3/Dossier_4/Dossier_5]
2017-12-02 21:47:20,478 :: DEBUG :: Traitement sous dossier [robert]
2017-12-02 21:47:20,478 :: DEBUG :: Debut Traitement de : [D:\Documents\ISEN\Python - git\Python\TP3\server_local/robert]
2017-12-02 21:47:20,478 :: DEBUG :: Traitement [caca.txt]
2017-12-02 21:47:20,478 :: DEBUG :: Envoi du fichier : [D:\Documents\ISEN\Python - git\Python\TP3\server_local/robert\caca.txt]
2017-12-02 21:47:20,487 :: DEBUG :: Traitement [test.txt]
2017-12-02 21:47:20,487 :: DEBUG :: Envoi du fichier : [D:\Documents\ISEN\Python - git\Python\TP3\server_local/robert\test.txt]
2017-12-02 21:47:20,491 :: DEBUG :: Traitement sous dossier [test]
2017-12-02 21:47:20,492 :: DEBUG :: Debut Traitement de : [D:\Documents\ISEN\Python - git\Python\TP3\server_local/test]
2017-12-02 21:47:20,492 :: DEBUG :: Traitement [caca.txt]
2017-12-02 21:47:20,492 :: ERROR :: Le fichier D:\Documents\ISEN\Python - git\Python\TP3\server_local/test/caca.txt depasse la limite autorisée et n'a pas été transféré
2017-12-02 21:47:20,492 :: DEBUG :: Traitement sous dossier [mdr]
2017-12-02 21:47:20,492 :: DEBUG :: Debut Traitement de : [D:\Documents\ISEN\Python - git\Python\TP3\server_local/test/mdr]
2017-12-02 21:47:20,493 :: DEBUG :: Traitement [ae.txt]
2017-12-02 21:47:20,493 :: DEBUG :: Envoi du fichier : [D:\Documents\ISEN\Python - git\Python\TP3\server_local/test/mdr\ae.txt]
2017-12-02 21:47:20,495 :: DEBUG :: Traitement [ze.txt]
2017-12-02 21:47:20,496 :: DEBUG :: Envoi du fichier : [D:\Documents\ISEN\Python - git\Python\TP3\server_local/test/mdr\ze.txt]
2017-12-02 21:47:20,499 :: DEBUG :: Traitement [test.txt]
2017-12-02 21:47:20,500 :: DEBUG :: Envoi du fichier : [D:\Documents\ISEN\Python - git\Python\TP3\server_local/test\test.txt]
2017-12-02 21:47:20,503 :: DEBUG :: Traitement [test2.txt]
2017-12-02 21:47:20,503 :: DEBUG :: Envoi du fichier : [D:\Documents\ISEN\Python - git\Python\TP3\server_local/test\test2.txt]
2017-12-02 21:47:20,509 :: DEBUG :: Fin de l'envoi
2017-12-02 21:48:20,000 :: DEBUG :: ###########################################################
2017-12-02 21:48:20,007 :: INFO :: Connexion :220 Welcome to our server !
2017-12-02 21:48:20,007 :: DEBUG :: Debut Traitement de : [D:\Documents\ISEN\Python - git\Python\TP3\server_local]
2017-12-02 21:48:20,007 :: DEBUG :: Traitement sous dossier [Dossier_1]
2017-12-02 21:48:20,008 :: DEBUG :: Debut Traitement de : [D:\Documents\ISEN\Python - git\Python\TP3\server_local/Dossier_1]
2017-12-02 21:48:20,008 :: DEBUG :: Traitement sous dossier [Dossier_2]
2017-12-02 21:48:20,009 :: DEBUG :: Debut Traitement de : [D:\Documents\ISEN\Python - git\Python\TP3\server_local/Dossier_1/Dossier_2]
2017-12-02 21:48:20,009 :: DEBUG :: Traitement sous dossier [Dossier_3]
2017-12-02 21:48:20,009 :: DEBUG :: Debut Traitement de : [D:\Documents\ISEN\Python - git\Python\TP3\server_local/Dossier_1/Dossier_2/Dossier_3]
2017-12-02 21:48:20,009 :: DEBUG :: Traitement sous dossier [Dossier_4]
2017-12-02 21:48:20,010 :: DEBUG :: Debut Traitement de : [D:\Documents\ISEN\Python - git\Python\TP3\server_local/Dossier_1/Dossier_2/Dossier_3/Dossier_4]
2017-12-02 21:48:20,010 :: DEBUG :: Traitement sous dossier [Dossier_5]
2017-12-02 21:48:20,011 :: DEBUG :: Debut Traitement de : [D:\Documents\ISEN\Python - git\Python\TP3\server_local/Dossier_1/Dossier_2/Dossier_3/Dossier_4/Dossier_5]
2017-12-02 21:48:20,012 :: DEBUG :: Traitement sous dossier [robert]
2017-12-02 21:48:20,013 :: DEBUG :: Debut Traitement de : [D:\Documents\ISEN\Python - git\Python\TP3\server_local/robert]
2017-12-02 21:48:20,013 :: DEBUG :: Traitement [caca.txt]
2017-12-02 21:48:20,014 :: DEBUG :: Envoi du fichier : [D:\Documents\ISEN\Python - git\Python\TP3\server_local/robert\caca.txt]
2017-12-02 21:48:20,023 :: DEBUG :: Traitement [test.txt]
2017-12-02 21:48:20,023 :: DEBUG :: Envoi du fichier : [D:\Documents\ISEN\Python - git\Python\TP3\server_local/robert\test.txt]
2017-12-02 21:48:20,026 :: DEBUG :: Traitement sous dossier [test]
2017-12-02 21:48:20,026 :: DEBUG :: Debut Traitement de : [D:\Documents\ISEN\Python - git\Python\TP3\server_local/test]
2017-12-02 21:48:20,027 :: DEBUG :: Traitement [caca.txt]
2017-12-02 21:48:20,027 :: ERROR :: Le fichier D:\Documents\ISEN\Python - git\Python\TP3\server_local/test/caca.txt depasse la limite autorisée et n'a pas été transféré
2017-12-02 21:48:20,027 :: DEBUG :: Traitement sous dossier [mdr]
2017-12-02 21:48:20,027 :: DEBUG :: Debut Traitement de : [D:\Documents\ISEN\Python - git\Python\TP3\server_local/test/mdr]
2017-12-02 21:48:20,027 :: DEBUG :: Traitement [ae.txt]
2017-12-02 21:48:20,028 :: DEBUG :: Envoi du fichier : [D:\Documents\ISEN\Python - git\Python\TP3\server_local/test/mdr\ae.txt]
2017-12-02 21:48:20,031 :: DEBUG :: Traitement [ze.txt]
2017-12-02 21:48:20,031 :: DEBUG :: Envoi du fichier : [D:\Documents\ISEN\Python - git\Python\TP3\server_local/test/mdr\ze.txt]
2017-12-02 21:48:20,034 :: DEBUG :: Traitement [test.txt]
2017-12-02 21:48:20,034 :: DEBUG :: Envoi du fichier : [D:\Documents\ISEN\Python - git\Python\TP3\server_local/test\test.txt]
2017-12-02 21:48:20,042 :: DEBUG :: Traitement [test2.txt]
2017-12-02 21:48:20,042 :: DEBUG :: Envoi du fichier : [D:\Documents\ISEN\Python - git\Python\TP3\server_local/test\test2.txt]
2017-12-02 21:48:20,047 :: DEBUG :: Fin de l'envoi
