2017-12-03 12:20:08,587 :: INFO :: Connexion :220 Welcome to our server !
2017-12-03 12:21:08,850 :: INFO :: The file Nouveau document texte (3).txt have been delete
2017-12-03 12:21:31,295 :: INFO :: Connexion :220 Welcome to our server !
2017-12-03 12:22:01,452 :: INFO :: The file es.txt have been delete
2017-12-03 12:23:26,162 :: INFO :: Connexion :220 Welcome to our server !
2017-12-03 12:23:41,240 :: INFO :: Envoi du fichier : [D:\Documents\ISEN\Python - git\Python\TP3\server_local\truc.txt]
2017-12-03 12:23:56,287 :: INFO :: Envoi du fichier : [D:\Documents\ISEN\Python - git\Python\TP3\server_local\test\truuc.txt]
2017-12-03 12:31:48,251 :: INFO :: Connexion :220 Welcome to our server !
2017-12-03 12:32:49,955 :: INFO :: Connexion :220 Welcome to our server !
2017-12-03 12:33:15,324 :: DEBUG :: ################RESTART####################################
2017-12-03 12:33:15,324 :: INFO :: Connexion :220 Welcome to our server !
2017-12-03 12:33:15,355 :: DEBUG :: Debut Traitement de : [D:\Documents\ISEN\Python - git\Python\TP3\server_local]
2017-12-03 12:33:15,355 :: DEBUG :: Traitement [alo.txt]
2017-12-03 12:33:15,355 :: DEBUG :: Traitement [bite.txt]
2017-12-03 12:33:15,355 :: DEBUG :: Traitement sous dossier [Dossier_1]
2017-12-03 12:33:15,371 :: DEBUG :: Debut Traitement de : [D:\Documents\ISEN\Python - git\Python\TP3\server_local\Dossier_1]
2017-12-03 12:33:15,371 :: DEBUG :: Traitement sous dossier [Dossier_2]
2017-12-03 12:33:15,373 :: DEBUG :: Debut Traitement de : [D:\Documents\ISEN\Python - git\Python\TP3\server_local\Dossier_1\Dossier_2]
2017-12-03 12:33:15,373 :: DEBUG :: Traitement sous dossier [Dossier_3]
2017-12-03 12:33:15,392 :: DEBUG :: Debut Traitement de : [D:\Documents\ISEN\Python - git\Python\TP3\server_local\Dossier_1\Dossier_2\Dossier_3]
2017-12-03 12:33:15,392 :: DEBUG :: Traitement sous dossier [Dossier_4]
2017-12-03 12:33:15,392 :: DEBUG :: Debut Traitement de : [D:\Documents\ISEN\Python - git\Python\TP3\server_local\Dossier_1\Dossier_2\Dossier_3\Dossier_4]
2017-12-03 12:33:15,392 :: DEBUG :: Traitement sous dossier [Dossier_5]
2017-12-03 12:33:15,408 :: DEBUG :: Debut Traitement de : [D:\Documents\ISEN\Python - git\Python\TP3\server_local\Dossier_1\Dossier_2\Dossier_3\Dossier_4\Dossier_5]
2017-12-03 12:33:15,408 :: DEBUG :: Traitement [Nouveau document texte.txt]
2017-12-03 12:33:15,408 :: DEBUG :: Traitement [essai.txt]
2017-12-03 12:33:15,408 :: DEBUG :: Traitement [Nouveau document texte.txt]
2017-12-03 12:33:15,408 :: DEBUG :: Traitement sous dossier [robert]
2017-12-03 12:33:15,408 :: DEBUG :: Debut Traitement de : [D:\Documents\ISEN\Python - git\Python\TP3\server_local\robert]
2017-12-03 12:33:15,408 :: DEBUG :: Traitement [caca.txt]
2017-12-03 12:33:15,408 :: DEBUG :: Traitement [test.txt]
2017-12-03 12:33:15,408 :: DEBUG :: Traitement sous dossier [test]
2017-12-03 12:33:15,423 :: DEBUG :: Debut Traitement de : [D:\Documents\ISEN\Python - git\Python\TP3\server_local\test]
2017-12-03 12:33:15,423 :: DEBUG :: Traitement [caca.txt]
2017-12-03 12:33:15,423 :: DEBUG :: Traitement sous dossier [mdr]
2017-12-03 12:33:15,423 :: DEBUG :: Debut Traitement de : [D:\Documents\ISEN\Python - git\Python\TP3\server_local\test\mdr]
2017-12-03 12:33:15,423 :: DEBUG :: Traitement [ae.txt]
2017-12-03 12:33:15,423 :: DEBUG :: Traitement [ze.txt]
2017-12-03 12:33:15,423 :: DEBUG :: Traitement [test.txt]
2017-12-03 12:33:15,423 :: DEBUG :: Traitement [test2.txt]
2017-12-03 12:33:15,423 :: DEBUG :: Traitement [truuc.txt]
2017-12-03 12:33:15,423 :: DEBUG :: Traitement [truc.txt]
2017-12-03 12:33:15,455 :: DEBUG :: Fin de l'envoi : 1
2017-12-03 12:33:30,466 :: DEBUG :: Debut Traitement de : [D:\Documents\ISEN\Python - git\Python\TP3\server_local]
2017-12-03 12:33:30,466 :: DEBUG :: Traitement [alo.txt]
2017-12-03 12:33:30,466 :: DEBUG :: Traitement [bite.txt]
2017-12-03 12:33:30,466 :: DEBUG :: Traitement sous dossier [Dossier_1]
2017-12-03 12:33:30,482 :: DEBUG :: Debut Traitement de : [D:\Documents\ISEN\Python - git\Python\TP3\server_local\Dossier_1]
2017-12-03 12:33:30,483 :: DEBUG :: Traitement sous dossier [Dossier_2]
2017-12-03 12:33:30,485 :: DEBUG :: Debut Traitement de : [D:\Documents\ISEN\Python - git\Python\TP3\server_local\Dossier_1\Dossier_2]
2017-12-03 12:33:30,485 :: DEBUG :: Traitement sous dossier [Dossier_3]
2017-12-03 12:33:30,504 :: DEBUG :: Debut Traitement de : [D:\Documents\ISEN\Python - git\Python\TP3\server_local\Dossier_1\Dossier_2\Dossier_3]
2017-12-03 12:33:30,504 :: DEBUG :: Traitement sous dossier [Dossier_4]
2017-12-03 12:33:30,504 :: DEBUG :: Debut Traitement de : [D:\Documents\ISEN\Python - git\Python\TP3\server_local\Dossier_1\Dossier_2\Dossier_3\Dossier_4]
2017-12-03 12:33:30,504 :: DEBUG :: Traitement sous dossier [Dossier_5]
2017-12-03 12:33:30,519 :: DEBUG :: Debut Traitement de : [D:\Documents\ISEN\Python - git\Python\TP3\server_local\Dossier_1\Dossier_2\Dossier_3\Dossier_4\Dossier_5]
2017-12-03 12:33:30,519 :: DEBUG :: Traitement [Nouveau document texte.txt]
2017-12-03 12:33:30,519 :: DEBUG :: Traitement [essai.txt]
2017-12-03 12:33:30,519 :: DEBUG :: Traitement [Nouveau document texte.txt]
2017-12-03 12:33:30,519 :: DEBUG :: Traitement sous dossier [robert]
2017-12-03 12:33:30,519 :: DEBUG :: Debut Traitement de : [D:\Documents\ISEN\Python - git\Python\TP3\server_local\robert]
2017-12-03 12:33:30,519 :: DEBUG :: Traitement [caca.txt]
2017-12-03 12:33:30,519 :: DEBUG :: Traitement [test.txt]
2017-12-03 12:33:30,519 :: DEBUG :: Traitement sous dossier [test]
2017-12-03 12:33:30,535 :: DEBUG :: Debut Traitement de : [D:\Documents\ISEN\Python - git\Python\TP3\server_local\test]
2017-12-03 12:33:30,535 :: DEBUG :: Traitement [caca.txt]
2017-12-03 12:33:30,535 :: DEBUG :: Traitement sous dossier [mdr]
2017-12-03 12:33:30,535 :: DEBUG :: Debut Traitement de : [D:\Documents\ISEN\Python - git\Python\TP3\server_local\test\mdr]
2017-12-03 12:33:30,535 :: DEBUG :: Traitement [ae.txt]
2017-12-03 12:33:30,535 :: DEBUG :: Traitement [ze.txt]
2017-12-03 12:33:30,535 :: DEBUG :: Traitement [test.txt]
2017-12-03 12:33:30,535 :: DEBUG :: Traitement [test2.txt]
2017-12-03 12:33:30,535 :: DEBUG :: Traitement [truuc.txt]
2017-12-03 12:33:30,535 :: DEBUG :: Traitement [truc.txt]
2017-12-03 12:33:30,551 :: DEBUG :: Fin de l'envoi : 2
2017-12-03 12:33:45,561 :: DEBUG :: Debut Traitement de : [D:\Documents\ISEN\Python - git\Python\TP3\server_local]
2017-12-03 12:33:45,561 :: DEBUG :: Traitement [alo.txt]
2017-12-03 12:33:45,561 :: DEBUG :: Traitement [bite.txt]
2017-12-03 12:33:45,561 :: DEBUG :: Traitement sous dossier [Dossier_1]
2017-12-03 12:33:45,577 :: DEBUG :: Debut Traitement de : [D:\Documents\ISEN\Python - git\Python\TP3\server_local\Dossier_1]
2017-12-03 12:33:45,577 :: DEBUG :: Traitement sous dossier [Dossier_2]
2017-12-03 12:33:45,577 :: DEBUG :: Debut Traitement de : [D:\Documents\ISEN\Python - git\Python\TP3\server_local\Dossier_1\Dossier_2]
2017-12-03 12:33:45,577 :: DEBUG :: Traitement sous dossier [Dossier_3]
2017-12-03 12:33:45,593 :: DEBUG :: Debut Traitement de : [D:\Documents\ISEN\Python - git\Python\TP3\server_local\Dossier_1\Dossier_2\Dossier_3]
2017-12-03 12:33:45,594 :: DEBUG :: Traitement sous dossier [Dossier_4]
2017-12-03 12:33:45,598 :: DEBUG :: Debut Traitement de : [D:\Documents\ISEN\Python - git\Python\TP3\server_local\Dossier_1\Dossier_2\Dossier_3\Dossier_4]
2017-12-03 12:33:45,598 :: DEBUG :: Traitement sous dossier [Dossier_5]
2017-12-03 12:33:45,614 :: DEBUG :: Debut Traitement de : [D:\Documents\ISEN\Python - git\Python\TP3\server_local\Dossier_1\Dossier_2\Dossier_3\Dossier_4\Dossier_5]
2017-12-03 12:33:45,614 :: DEBUG :: Traitement [Nouveau document texte.txt]
2017-12-03 12:33:45,614 :: DEBUG :: Traitement [essai.txt]
2017-12-03 12:33:45,614 :: DEBUG :: Traitement [Nouveau document texte.txt]
2017-12-03 12:33:45,614 :: DEBUG :: Traitement sous dossier [robert]
2017-12-03 12:33:45,614 :: DEBUG :: Debut Traitement de : [D:\Documents\ISEN\Python - git\Python\TP3\server_local\robert]
2017-12-03 12:33:45,614 :: DEBUG :: Traitement [caca.txt]
2017-12-03 12:33:45,614 :: DEBUG :: Traitement [test.txt]
2017-12-03 12:33:45,614 :: DEBUG :: Traitement sous dossier [test]
2017-12-03 12:33:45,630 :: DEBUG :: Debut Traitement de : [D:\Documents\ISEN\Python - git\Python\TP3\server_local\test]
2017-12-03 12:33:45,630 :: DEBUG :: Traitement [caca.txt]
2017-12-03 12:33:45,630 :: DEBUG :: Traitement sous dossier [mdr]
2017-12-03 12:33:45,646 :: DEBUG :: Debut Traitement de : [D:\Documents\ISEN\Python - git\Python\TP3\server_local\test\mdr]
2017-12-03 12:33:45,646 :: DEBUG :: Traitement [ae.txt]
2017-12-03 12:33:45,646 :: DEBUG :: Traitement [ze.txt]
2017-12-03 12:33:45,646 :: DEBUG :: Traitement [test.txt]
2017-12-03 12:33:45,646 :: DEBUG :: Traitement [test2.txt]
2017-12-03 12:33:45,646 :: DEBUG :: Traitement [truuc.txt]
2017-12-03 12:33:45,646 :: DEBUG :: Traitement [truc.txt]
2017-12-03 12:33:45,677 :: DEBUG :: Fin de l'envoi : 3
2017-12-03 12:33:55,739 :: DEBUG :: ################RESTART####################################
2017-12-03 12:33:55,739 :: INFO :: Connexion :220 Welcome to our server !
2017-12-03 12:33:55,739 :: DEBUG :: Debut Traitement de : [D:\Documents\ISEN\Python - git\Python\TP3\server_local]
2017-12-03 12:33:55,739 :: DEBUG :: Traitement [alo.txt]
2017-12-03 12:33:55,739 :: DEBUG :: Traitement [bite.txt]
2017-12-03 12:33:55,739 :: DEBUG :: Traitement sous dossier [Dossier_1]
2017-12-03 12:33:55,755 :: DEBUG :: Debut Traitement de : [D:\Documents\ISEN\Python - git\Python\TP3\server_local\Dossier_1]
2017-12-03 12:33:55,755 :: DEBUG :: Traitement sous dossier [Dossier_2]
2017-12-03 12:33:55,755 :: DEBUG :: Debut Traitement de : [D:\Documents\ISEN\Python - git\Python\TP3\server_local\Dossier_1\Dossier_2]
2017-12-03 12:33:55,755 :: DEBUG :: Traitement sous dossier [Dossier_3]
2017-12-03 12:33:55,770 :: DEBUG :: Debut Traitement de : [D:\Documents\ISEN\Python - git\Python\TP3\server_local\Dossier_1\Dossier_2\Dossier_3]
2017-12-03 12:33:55,770 :: DEBUG :: Traitement sous dossier [Dossier_4]
2017-12-03 12:33:55,770 :: DEBUG :: Debut Traitement de : [D:\Documents\ISEN\Python - git\Python\TP3\server_local\Dossier_1\Dossier_2\Dossier_3\Dossier_4]
2017-12-03 12:33:55,770 :: DEBUG :: Traitement sous dossier [Dossier_5]
2017-12-03 12:33:55,786 :: DEBUG :: Debut Traitement de : [D:\Documents\ISEN\Python - git\Python\TP3\server_local\Dossier_1\Dossier_2\Dossier_3\Dossier_4\Dossier_5]
2017-12-03 12:33:55,786 :: DEBUG :: Traitement [Nouveau document texte.txt]
2017-12-03 12:33:55,786 :: DEBUG :: Traitement [essai.txt]
2017-12-03 12:33:55,786 :: DEBUG :: Traitement [Nouveau document texte.txt]
2017-12-03 12:33:55,786 :: DEBUG :: Traitement sous dossier [robert]
2017-12-03 12:33:55,786 :: DEBUG :: Debut Traitement de : [D:\Documents\ISEN\Python - git\Python\TP3\server_local\robert]
2017-12-03 12:33:55,786 :: DEBUG :: Traitement [caca.txt]
2017-12-03 12:33:55,786 :: DEBUG :: Traitement [test.txt]
2017-12-03 12:33:55,786 :: DEBUG :: Traitement sous dossier [test]
2017-12-03 12:33:55,802 :: DEBUG :: Debut Traitement de : [D:\Documents\ISEN\Python - git\Python\TP3\server_local\test]
2017-12-03 12:33:55,802 :: DEBUG :: Traitement [caca.txt]
2017-12-03 12:33:55,803 :: DEBUG :: Traitement sous dossier [mdr]
2017-12-03 12:33:55,804 :: DEBUG :: Debut Traitement de : [D:\Documents\ISEN\Python - git\Python\TP3\server_local\test\mdr]
2017-12-03 12:33:55,804 :: DEBUG :: Traitement [ae.txt]
2017-12-03 12:33:55,805 :: DEBUG :: Traitement [ze.txt]
2017-12-03 12:33:55,805 :: DEBUG :: Traitement [test.txt]
2017-12-03 12:33:55,806 :: DEBUG :: Traitement [test2.txt]
2017-12-03 12:33:55,806 :: DEBUG :: Traitement [truuc.txt]
2017-12-03 12:33:55,807 :: DEBUG :: Traitement [truc.txt]
2017-12-03 12:33:55,807 :: DEBUG :: Fin de l'envoi : 1
2017-12-03 12:34:10,815 :: DEBUG :: Debut Traitement de : [D:\Documents\ISEN\Python - git\Python\TP3\server_local]
2017-12-03 12:34:10,816 :: DEBUG :: Traitement [alo.txt]
2017-12-03 12:34:10,817 :: DEBUG :: Traitement [bite.txt]
2017-12-03 12:34:10,818 :: DEBUG :: Traitement sous dossier [Dossier_1]
2017-12-03 12:34:10,834 :: DEBUG :: Debut Traitement de : [D:\Documents\ISEN\Python - git\Python\TP3\server_local\Dossier_1]
2017-12-03 12:34:10,834 :: DEBUG :: Traitement sous dossier [Dossier_2]
2017-12-03 12:34:10,834 :: DEBUG :: Debut Traitement de : [D:\Documents\ISEN\Python - git\Python\TP3\server_local\Dossier_1\Dossier_2]
2017-12-03 12:34:10,834 :: DEBUG :: Traitement sous dossier [Dossier_3]
2017-12-03 12:34:10,849 :: DEBUG :: Debut Traitement de : [D:\Documents\ISEN\Python - git\Python\TP3\server_local\Dossier_1\Dossier_2\Dossier_3]
2017-12-03 12:34:10,849 :: DEBUG :: Traitement sous dossier [Dossier_4]
2017-12-03 12:34:10,849 :: DEBUG :: Debut Traitement de : [D:\Documents\ISEN\Python - git\Python\TP3\server_local\Dossier_1\Dossier_2\Dossier_3\Dossier_4]
2017-12-03 12:34:10,849 :: DEBUG :: Traitement sous dossier [Dossier_5]
2017-12-03 12:34:10,865 :: DEBUG :: Debut Traitement de : [D:\Documents\ISEN\Python - git\Python\TP3\server_local\Dossier_1\Dossier_2\Dossier_3\Dossier_4\Dossier_5]
2017-12-03 12:34:10,865 :: DEBUG :: Traitement [Nouveau document texte.txt]
2017-12-03 12:34:10,865 :: DEBUG :: Traitement [essai.txt]
2017-12-03 12:34:10,865 :: DEBUG :: Traitement [Nouveau document texte.txt]
2017-12-03 12:34:10,865 :: DEBUG :: Traitement sous dossier [robert]
2017-12-03 12:34:10,881 :: DEBUG :: Debut Traitement de : [D:\Documents\ISEN\Python - git\Python\TP3\server_local\robert]
2017-12-03 12:34:10,881 :: DEBUG :: Traitement [caca.txt]
2017-12-03 12:34:10,881 :: DEBUG :: Traitement [test.txt]
2017-12-03 12:34:10,881 :: DEBUG :: Traitement sous dossier [test]
2017-12-03 12:34:10,896 :: DEBUG :: Debut Traitement de : [D:\Documents\ISEN\Python - git\Python\TP3\server_local\test]
2017-12-03 12:34:10,896 :: DEBUG :: Traitement [caca.txt]
2017-12-03 12:34:10,896 :: DEBUG :: Traitement sous dossier [mdr]
2017-12-03 12:34:10,896 :: DEBUG :: Debut Traitement de : [D:\Documents\ISEN\Python - git\Python\TP3\server_local\test\mdr]
2017-12-03 12:34:10,896 :: DEBUG :: Traitement [ae.txt]
2017-12-03 12:34:10,896 :: DEBUG :: Traitement [ze.txt]
2017-12-03 12:34:10,896 :: DEBUG :: Traitement [test.txt]
2017-12-03 12:34:10,896 :: DEBUG :: Traitement [test2.txt]
2017-12-03 12:34:10,896 :: DEBUG :: Traitement [truuc.txt]
2017-12-03 12:34:10,896 :: DEBUG :: Traitement [truc.txt]
2017-12-03 12:34:10,917 :: DEBUG :: Fin de l'envoi : 2
2017-12-03 12:34:21,227 :: DEBUG :: ################RESTART####################################
2017-12-03 12:34:21,227 :: INFO :: Connexion :220 Welcome to our server !
2017-12-03 12:34:21,227 :: DEBUG :: upload_this_recurrence / D:\Documents\ISEN\Python - git\Python\TP3\server_local 1
2017-12-03 12:34:21,227 :: DEBUG :: Debut Traitement de : [D:\Documents\ISEN\Python - git\Python\TP3\server_local]
2017-12-03 12:34:21,227 :: DEBUG :: Traitement [alo.txt]
2017-12-03 12:34:21,227 :: DEBUG :: Traitement [bite.txt]
2017-12-03 12:34:21,227 :: DEBUG :: Traitement sous dossier [Dossier_1]
2017-12-03 12:34:21,227 :: DEBUG :: upload_this_recurrence /Dossier_1 D:\Documents\ISEN\Python - git\Python\TP3\server_local\Dossier_1 2
2017-12-03 12:34:21,227 :: DEBUG :: Debut Traitement de : [D:\Documents\ISEN\Python - git\Python\TP3\server_local\Dossier_1]
2017-12-03 12:34:21,227 :: DEBUG :: Traitement sous dossier [Dossier_2]
2017-12-03 12:34:21,227 :: DEBUG :: upload_this_recurrence /Dossier_1/Dossier_2 D:\Documents\ISEN\Python - git\Python\TP3\server_local\Dossier_1\Dossier_2 3
2017-12-03 12:34:21,227 :: DEBUG :: Debut Traitement de : [D:\Documents\ISEN\Python - git\Python\TP3\server_local\Dossier_1\Dossier_2]
2017-12-03 12:34:21,227 :: DEBUG :: Traitement sous dossier [Dossier_3]
2017-12-03 12:34:21,243 :: DEBUG :: upload_this_recurrence /Dossier_1/Dossier_2/Dossier_3 D:\Documents\ISEN\Python - git\Python\TP3\server_local\Dossier_1\Dossier_2\Dossier_3 4
2017-12-03 12:34:21,243 :: DEBUG :: Debut Traitement de : [D:\Documents\ISEN\Python - git\Python\TP3\server_local\Dossier_1\Dossier_2\Dossier_3]
2017-12-03 12:34:21,243 :: DEBUG :: Traitement sous dossier [Dossier_4]
2017-12-03 12:34:21,243 :: DEBUG :: upload_this_recurrence /Dossier_1/Dossier_2/Dossier_3/Dossier_4 D:\Documents\ISEN\Python - git\Python\TP3\server_local\Dossier_1\Dossier_2\Dossier_3\Dossier_4 5
2017-12-03 12:34:21,243 :: DEBUG :: Debut Traitement de : [D:\Documents\ISEN\Python - git\Python\TP3\server_local\Dossier_1\Dossier_2\Dossier_3\Dossier_4]
2017-12-03 12:34:21,243 :: DEBUG :: Traitement sous dossier [Dossier_5]
2017-12-03 12:34:21,243 :: DEBUG :: upload_this_recurrence /Dossier_1/Dossier_2/Dossier_3/Dossier_4/Dossier_5 D:\Documents\ISEN\Python - git\Python\TP3\server_local\Dossier_1\Dossier_2\Dossier_3\Dossier_4\Dossier_5 6
2017-12-03 12:34:21,243 :: DEBUG :: Debut Traitement de : [D:\Documents\ISEN\Python - git\Python\TP3\server_local\Dossier_1\Dossier_2\Dossier_3\Dossier_4\Dossier_5]
2017-12-03 12:34:21,243 :: DEBUG :: Traitement [Nouveau document texte.txt]
2017-12-03 12:34:21,243 :: DEBUG :: Traitement [essai.txt]
2017-12-03 12:34:21,243 :: DEBUG :: Traitement [Nouveau document texte.txt]
2017-12-03 12:34:21,243 :: DEBUG :: Traitement sous dossier [robert]
2017-12-03 12:34:21,243 :: DEBUG :: upload_this_recurrence /robert D:\Documents\ISEN\Python - git\Python\TP3\server_local\robert 2
2017-12-03 12:34:21,243 :: DEBUG :: Debut Traitement de : [D:\Documents\ISEN\Python - git\Python\TP3\server_local\robert]
2017-12-03 12:34:21,243 :: DEBUG :: Traitement [caca.txt]
2017-12-03 12:34:21,243 :: DEBUG :: Traitement [test.txt]
2017-12-03 12:34:21,243 :: DEBUG :: Traitement sous dossier [test]
2017-12-03 12:34:21,243 :: DEBUG :: upload_this_recurrence /test D:\Documents\ISEN\Python - git\Python\TP3\server_local\test 2
2017-12-03 12:34:21,243 :: DEBUG :: Debut Traitement de : [D:\Documents\ISEN\Python - git\Python\TP3\server_local\test]
2017-12-03 12:34:21,243 :: DEBUG :: Traitement [caca.txt]
2017-12-03 12:34:21,243 :: DEBUG :: Traitement sous dossier [mdr]
2017-12-03 12:34:21,243 :: DEBUG :: upload_this_recurrence /test/mdr D:\Documents\ISEN\Python - git\Python\TP3\server_local\test\mdr 3
2017-12-03 12:34:21,243 :: DEBUG :: Debut Traitement de : [D:\Documents\ISEN\Python - git\Python\TP3\server_local\test\mdr]
2017-12-03 12:34:21,243 :: DEBUG :: Traitement [ae.txt]
2017-12-03 12:34:21,243 :: DEBUG :: Traitement [ze.txt]
2017-12-03 12:34:21,243 :: DEBUG :: Traitement [test.txt]
2017-12-03 12:34:21,243 :: DEBUG :: Traitement [test2.txt]
2017-12-03 12:34:21,243 :: DEBUG :: Traitement [truuc.txt]
2017-12-03 12:34:21,243 :: DEBUG :: Traitement [truc.txt]
2017-12-03 12:34:21,259 :: DEBUG :: Fin de l'envoi : 1
2017-12-03 12:34:25,928 :: DEBUG :: Debut Traitement de : [D:\Documents\ISEN\Python - git\Python\TP3\server_local]
2017-12-03 12:34:25,929 :: DEBUG :: Traitement [alo.txt]
2017-12-03 12:34:25,930 :: DEBUG :: Traitement [bite.txt]
2017-12-03 12:34:25,931 :: DEBUG :: Traitement sous dossier [Dossier_1]
2017-12-03 12:34:25,947 :: DEBUG :: Debut Traitement de : [D:\Documents\ISEN\Python - git\Python\TP3\server_local\Dossier_1]
2017-12-03 12:34:25,947 :: DEBUG :: Traitement sous dossier [Dossier_2]
2017-12-03 12:34:25,947 :: DEBUG :: Debut Traitement de : [D:\Documents\ISEN\Python - git\Python\TP3\server_local\Dossier_1\Dossier_2]
2017-12-03 12:34:25,947 :: DEBUG :: Traitement sous dossier [Dossier_3]
2017-12-03 12:34:25,963 :: DEBUG :: Debut Traitement de : [D:\Documents\ISEN\Python - git\Python\TP3\server_local\Dossier_1\Dossier_2\Dossier_3]
2017-12-03 12:34:25,963 :: DEBUG :: Traitement sous dossier [Dossier_4]
2017-12-03 12:34:25,963 :: DEBUG :: Debut Traitement de : [D:\Documents\ISEN\Python - git\Python\TP3\server_local\Dossier_1\Dossier_2\Dossier_3\Dossier_4]
2017-12-03 12:34:25,963 :: DEBUG :: Traitement sous dossier [Dossier_5]
2017-12-03 12:34:25,979 :: DEBUG :: Debut Traitement de : [D:\Documents\ISEN\Python - git\Python\TP3\server_local\Dossier_1\Dossier_2\Dossier_3\Dossier_4\Dossier_5]
2017-12-03 12:34:25,979 :: DEBUG :: Traitement [Nouveau document texte.txt]
2017-12-03 12:34:25,979 :: DEBUG :: Traitement [essai.txt]
2017-12-03 12:34:25,979 :: DEBUG :: Traitement [Nouveau document texte.txt]
2017-12-03 12:34:25,979 :: DEBUG :: Traitement sous dossier [robert]
2017-12-03 12:34:25,979 :: DEBUG :: Debut Traitement de : [D:\Documents\ISEN\Python - git\Python\TP3\server_local\robert]
2017-12-03 12:34:25,979 :: DEBUG :: Traitement [caca.txt]
2017-12-03 12:34:25,979 :: DEBUG :: Traitement [test.txt]
2017-12-03 12:34:25,979 :: DEBUG :: Traitement sous dossier [test]
2017-12-03 12:34:25,994 :: DEBUG :: Debut Traitement de : [D:\Documents\ISEN\Python - git\Python\TP3\server_local\test]
2017-12-03 12:34:25,994 :: DEBUG :: Traitement [caca.txt]
2017-12-03 12:34:25,994 :: DEBUG :: Traitement sous dossier [mdr]
2017-12-03 12:34:25,994 :: DEBUG :: Debut Traitement de : [D:\Documents\ISEN\Python - git\Python\TP3\server_local\test\mdr]
2017-12-03 12:34:25,994 :: DEBUG :: Traitement [ae.txt]
2017-12-03 12:34:25,994 :: DEBUG :: Traitement [ze.txt]
2017-12-03 12:34:25,994 :: DEBUG :: Traitement [test.txt]
2017-12-03 12:34:25,994 :: DEBUG :: Traitement [test2.txt]
2017-12-03 12:34:25,994 :: DEBUG :: Traitement [truuc.txt]
2017-12-03 12:34:25,994 :: DEBUG :: Traitement [truc.txt]
2017-12-03 12:34:26,029 :: DEBUG :: Fin de l'envoi : 3
2017-12-03 12:34:36,262 :: DEBUG :: upload_this_recurrence / D:\Documents\ISEN\Python - git\Python\TP3\server_local 1
2017-12-03 12:34:36,262 :: DEBUG :: Debut Traitement de : [D:\Documents\ISEN\Python - git\Python\TP3\server_local]
2017-12-03 12:34:36,262 :: DEBUG :: Traitement [alo.txt]
2017-12-03 12:34:36,262 :: DEBUG :: Traitement [bite.txt]
2017-12-03 12:34:36,262 :: DEBUG :: Traitement sous dossier [Dossier_1]
2017-12-03 12:34:36,262 :: DEBUG :: upload_this_recurrence /Dossier_1 D:\Documents\ISEN\Python - git\Python\TP3\server_local\Dossier_1 2
2017-12-03 12:34:36,262 :: DEBUG :: Debut Traitement de : [D:\Documents\ISEN\Python - git\Python\TP3\server_local\Dossier_1]
2017-12-03 12:34:36,262 :: DEBUG :: Traitement sous dossier [Dossier_2]
2017-12-03 12:34:36,262 :: DEBUG :: upload_this_recurrence /Dossier_1/Dossier_2 D:\Documents\ISEN\Python - git\Python\TP3\server_local\Dossier_1\Dossier_2 3
2017-12-03 12:34:36,262 :: DEBUG :: Debut Traitement de : [D:\Documents\ISEN\Python - git\Python\TP3\server_local\Dossier_1\Dossier_2]
2017-12-03 12:34:36,262 :: DEBUG :: Traitement sous dossier [Dossier_3]
2017-12-03 12:34:36,262 :: DEBUG :: upload_this_recurrence /Dossier_1/Dossier_2/Dossier_3 D:\Documents\ISEN\Python - git\Python\TP3\server_local\Dossier_1\Dossier_2\Dossier_3 4
2017-12-03 12:34:36,262 :: DEBUG :: Debut Traitement de : [D:\Documents\ISEN\Python - git\Python\TP3\server_local\Dossier_1\Dossier_2\Dossier_3]
2017-12-03 12:34:36,262 :: DEBUG :: Traitement sous dossier [Dossier_4]
2017-12-03 12:34:36,262 :: DEBUG :: upload_this_recurrence /Dossier_1/Dossier_2/Dossier_3/Dossier_4 D:\Documents\ISEN\Python - git\Python\TP3\server_local\Dossier_1\Dossier_2\Dossier_3\Dossier_4 5
2017-12-03 12:34:36,262 :: DEBUG :: Debut Traitement de : [D:\Documents\ISEN\Python - git\Python\TP3\server_local\Dossier_1\Dossier_2\Dossier_3\Dossier_4]
2017-12-03 12:34:36,262 :: DEBUG :: Traitement sous dossier [Dossier_5]
2017-12-03 12:34:36,262 :: DEBUG :: upload_this_recurrence /Dossier_1/Dossier_2/Dossier_3/Dossier_4/Dossier_5 D:\Documents\ISEN\Python - git\Python\TP3\server_local\Dossier_1\Dossier_2\Dossier_3\Dossier_4\Dossier_5 6
2017-12-03 12:34:36,262 :: DEBUG :: Debut Traitement de : [D:\Documents\ISEN\Python - git\Python\TP3\server_local\Dossier_1\Dossier_2\Dossier_3\Dossier_4\Dossier_5]
2017-12-03 12:34:36,262 :: DEBUG :: Traitement [Nouveau document texte.txt]
2017-12-03 12:34:36,262 :: DEBUG :: Traitement [Nouveau document texte.txt]
2017-12-03 12:34:36,278 :: DEBUG :: Traitement sous dossier [robert]
2017-12-03 12:34:36,278 :: DEBUG :: upload_this_recurrence /robert D:\Documents\ISEN\Python - git\Python\TP3\server_local\robert 2
2017-12-03 12:34:36,278 :: DEBUG :: Debut Traitement de : [D:\Documents\ISEN\Python - git\Python\TP3\server_local\robert]
2017-12-03 12:34:36,278 :: DEBUG :: Traitement [caca.txt]
2017-12-03 12:34:36,278 :: DEBUG :: Traitement [test.txt]
2017-12-03 12:34:36,278 :: DEBUG :: Traitement sous dossier [test]
2017-12-03 12:34:36,278 :: DEBUG :: upload_this_recurrence /test D:\Documents\ISEN\Python - git\Python\TP3\server_local\test 2
2017-12-03 12:34:36,278 :: DEBUG :: Debut Traitement de : [D:\Documents\ISEN\Python - git\Python\TP3\server_local\test]
2017-12-03 12:34:36,278 :: DEBUG :: Traitement [caca.txt]
2017-12-03 12:34:36,278 :: DEBUG :: Traitement sous dossier [mdr]
2017-12-03 12:34:36,278 :: DEBUG :: upload_this_recurrence /test/mdr D:\Documents\ISEN\Python - git\Python\TP3\server_local\test\mdr 3
2017-12-03 12:34:36,278 :: DEBUG :: Debut Traitement de : [D:\Documents\ISEN\Python - git\Python\TP3\server_local\test\mdr]
2017-12-03 12:34:36,278 :: DEBUG :: Traitement [ae.txt]
2017-12-03 12:34:36,278 :: DEBUG :: Traitement [ze.txt]
2017-12-03 12:34:36,278 :: DEBUG :: Traitement [test.txt]
2017-12-03 12:34:36,278 :: DEBUG :: Traitement [test2.txt]
2017-12-03 12:34:36,278 :: DEBUG :: Traitement [truuc.txt]
2017-12-03 12:34:36,278 :: DEBUG :: Traitement [truc.txt]
2017-12-03 12:34:36,309 :: INFO :: The file essai.txt have been delete
2017-12-03 12:34:36,309 :: DEBUG :: Fin de l'envoi : 2
2017-12-03 12:34:41,030 :: DEBUG :: Debut Traitement de : [D:\Documents\ISEN\Python - git\Python\TP3\server_local]
2017-12-03 12:34:41,030 :: DEBUG :: Traitement [alo.txt]
2017-12-03 12:34:41,030 :: INFO :: Envoi du fichier : [D:\Documents\ISEN\Python - git\Python\TP3\server_local\alo.txt]
2017-12-03 12:34:41,030 :: DEBUG :: Traitement [bite.txt]
2017-12-03 12:34:41,030 :: DEBUG :: Traitement sous dossier [Dossier_1]
2017-12-03 12:34:41,047 :: DEBUG :: Debut Traitement de : [D:\Documents\ISEN\Python - git\Python\TP3\server_local\Dossier_1]
2017-12-03 12:34:41,047 :: DEBUG :: Traitement sous dossier [Dossier_2]
2017-12-03 12:34:41,050 :: DEBUG :: Debut Traitement de : [D:\Documents\ISEN\Python - git\Python\TP3\server_local\Dossier_1\Dossier_2]
2017-12-03 12:34:41,051 :: DEBUG :: Traitement sous dossier [Dossier_3]
2017-12-03 12:34:41,068 :: DEBUG :: Debut Traitement de : [D:\Documents\ISEN\Python - git\Python\TP3\server_local\Dossier_1\Dossier_2\Dossier_3]
2017-12-03 12:34:41,068 :: DEBUG :: Traitement sous dossier [Dossier_4]
2017-12-03 12:34:41,068 :: DEBUG :: Debut Traitement de : [D:\Documents\ISEN\Python - git\Python\TP3\server_local\Dossier_1\Dossier_2\Dossier_3\Dossier_4]
2017-12-03 12:34:41,068 :: DEBUG :: Traitement sous dossier [Dossier_5]
2017-12-03 12:34:41,083 :: DEBUG :: Debut Traitement de : [D:\Documents\ISEN\Python - git\Python\TP3\server_local\Dossier_1\Dossier_2\Dossier_3\Dossier_4\Dossier_5]
2017-12-03 12:34:41,083 :: DEBUG :: Traitement [Nouveau document texte.txt]
2017-12-03 12:34:41,083 :: DEBUG :: Traitement [Nouveau document texte.txt]
2017-12-03 12:34:41,083 :: DEBUG :: Traitement sous dossier [robert]
2017-12-03 12:34:41,083 :: DEBUG :: Debut Traitement de : [D:\Documents\ISEN\Python - git\Python\TP3\server_local\robert]
2017-12-03 12:34:41,083 :: DEBUG :: Traitement [caca.txt]
2017-12-03 12:34:41,083 :: DEBUG :: Traitement [test.txt]
2017-12-03 12:34:41,083 :: DEBUG :: Traitement sous dossier [test]
2017-12-03 12:34:41,099 :: DEBUG :: Debut Traitement de : [D:\Documents\ISEN\Python - git\Python\TP3\server_local\test]
2017-12-03 12:34:41,099 :: DEBUG :: Traitement [caca.txt]
2017-12-03 12:34:41,099 :: DEBUG :: Traitement sous dossier [mdr]
2017-12-03 12:34:41,114 :: DEBUG :: Debut Traitement de : [D:\Documents\ISEN\Python - git\Python\TP3\server_local\test\mdr]
2017-12-03 12:34:41,114 :: DEBUG :: Traitement [ae.txt]
2017-12-03 12:34:41,114 :: DEBUG :: Traitement [ze.txt]
2017-12-03 12:34:41,114 :: DEBUG :: Traitement [test.txt]
2017-12-03 12:34:41,114 :: DEBUG :: Traitement [test2.txt]
2017-12-03 12:34:41,114 :: DEBUG :: Traitement [truuc.txt]
2017-12-03 12:34:41,114 :: DEBUG :: Traitement [truc.txt]
2017-12-03 12:34:41,130 :: DEBUG :: Fin de l'envoi : 4
2017-12-03 12:34:51,315 :: DEBUG :: upload_this_recurrence / D:\Documents\ISEN\Python - git\Python\TP3\server_local 1
2017-12-03 12:34:51,315 :: DEBUG :: Debut Traitement de : [D:\Documents\ISEN\Python - git\Python\TP3\server_local]
2017-12-03 12:34:51,315 :: DEBUG :: Traitement [alo.txt]
2017-12-03 12:34:51,315 :: DEBUG :: Traitement [bite.txt]
2017-12-03 12:34:51,315 :: DEBUG :: Traitement sous dossier [Dossier_1]
2017-12-03 12:34:51,315 :: DEBUG :: upload_this_recurrence /Dossier_1 D:\Documents\ISEN\Python - git\Python\TP3\server_local\Dossier_1 2
2017-12-03 12:34:51,315 :: DEBUG :: Debut Traitement de : [D:\Documents\ISEN\Python - git\Python\TP3\server_local\Dossier_1]
2017-12-03 12:34:51,315 :: DEBUG :: Traitement sous dossier [Dossier_2]
2017-12-03 12:34:51,315 :: DEBUG :: upload_this_recurrence /Dossier_1/Dossier_2 D:\Documents\ISEN\Python - git\Python\TP3\server_local\Dossier_1\Dossier_2 3
2017-12-03 12:34:51,315 :: DEBUG :: Debut Traitement de : [D:\Documents\ISEN\Python - git\Python\TP3\server_local\Dossier_1\Dossier_2]
2017-12-03 12:34:51,315 :: DEBUG :: Traitement sous dossier [Dossier_3]
2017-12-03 12:34:51,315 :: DEBUG :: upload_this_recurrence /Dossier_1/Dossier_2/Dossier_3 D:\Documents\ISEN\Python - git\Python\TP3\server_local\Dossier_1\Dossier_2\Dossier_3 4
2017-12-03 12:34:51,315 :: DEBUG :: Debut Traitement de : [D:\Documents\ISEN\Python - git\Python\TP3\server_local\Dossier_1\Dossier_2\Dossier_3]
2017-12-03 12:34:51,315 :: DEBUG :: Traitement sous dossier [Dossier_4]
2017-12-03 12:34:51,315 :: DEBUG :: upload_this_recurrence /Dossier_1/Dossier_2/Dossier_3/Dossier_4 D:\Documents\ISEN\Python - git\Python\TP3\server_local\Dossier_1\Dossier_2\Dossier_3\Dossier_4 5
2017-12-03 12:34:51,315 :: DEBUG :: Debut Traitement de : [D:\Documents\ISEN\Python - git\Python\TP3\server_local\Dossier_1\Dossier_2\Dossier_3\Dossier_4]
2017-12-03 12:34:51,315 :: DEBUG :: Traitement sous dossier [Dossier_5]
2017-12-03 12:34:51,315 :: DEBUG :: upload_this_recurrence /Dossier_1/Dossier_2/Dossier_3/Dossier_4/Dossier_5 D:\Documents\ISEN\Python - git\Python\TP3\server_local\Dossier_1\Dossier_2\Dossier_3\Dossier_4\Dossier_5 6
2017-12-03 12:34:51,331 :: DEBUG :: Debut Traitement de : [D:\Documents\ISEN\Python - git\Python\TP3\server_local\Dossier_1\Dossier_2\Dossier_3\Dossier_4\Dossier_5]
2017-12-03 12:34:51,331 :: DEBUG :: Traitement [Nouveau document texte.txt]
2017-12-03 12:34:51,331 :: DEBUG :: Traitement [Nouveau document texte.txt]
2017-12-03 12:34:51,331 :: DEBUG :: Traitement sous dossier [robert]
2017-12-03 12:34:51,331 :: DEBUG :: upload_this_recurrence /robert D:\Documents\ISEN\Python - git\Python\TP3\server_local\robert 2
2017-12-03 12:34:51,331 :: DEBUG :: Debut Traitement de : [D:\Documents\ISEN\Python - git\Python\TP3\server_local\robert]
2017-12-03 12:34:51,331 :: DEBUG :: Traitement [caca.txt]
2017-12-03 12:34:51,331 :: DEBUG :: Traitement [test.txt]
2017-12-03 12:34:51,331 :: DEBUG :: Traitement sous dossier [test]
2017-12-03 12:34:51,331 :: DEBUG :: upload_this_recurrence /test D:\Documents\ISEN\Python - git\Python\TP3\server_local\test 2
2017-12-03 12:34:51,331 :: DEBUG :: Debut Traitement de : [D:\Documents\ISEN\Python - git\Python\TP3\server_local\test]
2017-12-03 12:34:51,331 :: DEBUG :: Traitement [caca.txt]
2017-12-03 12:34:51,331 :: DEBUG :: Traitement sous dossier [mdr]
2017-12-03 12:34:51,331 :: DEBUG :: upload_this_recurrence /test/mdr D:\Documents\ISEN\Python - git\Python\TP3\server_local\test\mdr 3
2017-12-03 12:34:51,331 :: DEBUG :: Debut Traitement de : [D:\Documents\ISEN\Python - git\Python\TP3\server_local\test\mdr]
2017-12-03 12:34:51,331 :: DEBUG :: Traitement [ae.txt]
2017-12-03 12:34:51,331 :: DEBUG :: Traitement [ze.txt]
2017-12-03 12:34:51,331 :: DEBUG :: Traitement [test.txt]
2017-12-03 12:34:51,347 :: DEBUG :: Traitement [test2.txt]
2017-12-03 12:34:51,347 :: DEBUG :: Traitement [truuc.txt]
2017-12-03 12:34:51,349 :: DEBUG :: Traitement [truc.txt]
2017-12-03 12:34:51,368 :: DEBUG :: Fin de l'envoi : 3
2017-12-03 12:43:31,618 :: DEBUG :: ################RESTART####################################
2017-12-03 12:43:31,633 :: INFO :: Connexion :220 Welcome to our server !
2017-12-03 12:43:31,633 :: DEBUG :: upload_this_recurrence / D:\Documents\ISEN\Python - git\Python\TP3\server_local 1
2017-12-03 12:43:31,633 :: DEBUG :: Debut Traitement de : [D:\Documents\ISEN\Python - git\Python\TP3\server_local]
2017-12-03 12:43:31,633 :: DEBUG :: Traitement [alo.txt]
2017-12-03 12:43:31,633 :: DEBUG :: Traitement [bite.txt]
2017-12-03 12:43:31,633 :: DEBUG :: Traitement sous dossier [Dossier_1]
2017-12-03 12:43:31,633 :: DEBUG :: upload_this_recurrence /Dossier_1 D:\Documents\ISEN\Python - git\Python\TP3\server_local\Dossier_1 2
2017-12-03 12:43:31,633 :: DEBUG :: Debut Traitement de : [D:\Documents\ISEN\Python - git\Python\TP3\server_local\Dossier_1]
2017-12-03 12:43:31,633 :: DEBUG :: Traitement sous dossier [Dossier_2]
2017-12-03 12:43:31,633 :: DEBUG :: upload_this_recurrence /Dossier_1/Dossier_2 D:\Documents\ISEN\Python - git\Python\TP3\server_local\Dossier_1\Dossier_2 3
2017-12-03 12:43:31,633 :: DEBUG :: Debut Traitement de : [D:\Documents\ISEN\Python - git\Python\TP3\server_local\Dossier_1\Dossier_2]
2017-12-03 12:43:31,633 :: DEBUG :: Traitement sous dossier [Dossier_3]
2017-12-03 12:43:31,633 :: DEBUG :: upload_this_recurrence /Dossier_1/Dossier_2/Dossier_3 D:\Documents\ISEN\Python - git\Python\TP3\server_local\Dossier_1\Dossier_2\Dossier_3 4
2017-12-03 12:43:31,633 :: DEBUG :: Debut Traitement de : [D:\Documents\ISEN\Python - git\Python\TP3\server_local\Dossier_1\Dossier_2\Dossier_3]
2017-12-03 12:43:31,633 :: DEBUG :: Traitement sous dossier [Dossier_4]
2017-12-03 12:43:31,633 :: DEBUG :: upload_this_recurrence /Dossier_1/Dossier_2/Dossier_3/Dossier_4 D:\Documents\ISEN\Python - git\Python\TP3\server_local\Dossier_1\Dossier_2\Dossier_3\Dossier_4 5
2017-12-03 12:43:31,633 :: DEBUG :: Debut Traitement de : [D:\Documents\ISEN\Python - git\Python\TP3\server_local\Dossier_1\Dossier_2\Dossier_3\Dossier_4]
2017-12-03 12:43:31,633 :: DEBUG :: Traitement sous dossier [Dossier_5]
2017-12-03 12:43:31,633 :: DEBUG :: upload_this_recurrence /Dossier_1/Dossier_2/Dossier_3/Dossier_4/Dossier_5 D:\Documents\ISEN\Python - git\Python\TP3\server_local\Dossier_1\Dossier_2\Dossier_3\Dossier_4\Dossier_5 6
2017-12-03 12:43:31,633 :: DEBUG :: Debut Traitement de : [D:\Documents\ISEN\Python - git\Python\TP3\server_local\Dossier_1\Dossier_2\Dossier_3\Dossier_4\Dossier_5]
2017-12-03 12:43:31,633 :: DEBUG :: Traitement [Nouveau document texte.txt]
2017-12-03 12:43:31,633 :: DEBUG :: Traitement [Nouveau document texte.txt]
2017-12-03 12:43:31,633 :: DEBUG :: Traitement sous dossier [robert]
2017-12-03 12:43:31,633 :: DEBUG :: upload_this_recurrence /robert D:\Documents\ISEN\Python - git\Python\TP3\server_local\robert 2
2017-12-03 12:43:31,633 :: DEBUG :: Debut Traitement de : [D:\Documents\ISEN\Python - git\Python\TP3\server_local\robert]
2017-12-03 12:43:31,633 :: DEBUG :: Traitement [caca.txt]
2017-12-03 12:43:31,633 :: DEBUG :: Traitement [test.txt]
2017-12-03 12:43:31,633 :: DEBUG :: Traitement sous dossier [test]
2017-12-03 12:43:31,633 :: DEBUG :: upload_this_recurrence /test D:\Documents\ISEN\Python - git\Python\TP3\server_local\test 2
2017-12-03 12:43:31,633 :: DEBUG :: Debut Traitement de : [D:\Documents\ISEN\Python - git\Python\TP3\server_local\test]
2017-12-03 12:43:31,633 :: DEBUG :: Traitement [caca.txt]
2017-12-03 12:43:31,633 :: DEBUG :: Traitement sous dossier [mdr]
2017-12-03 12:43:31,633 :: DEBUG :: upload_this_recurrence /test/mdr D:\Documents\ISEN\Python - git\Python\TP3\server_local\test\mdr 3
2017-12-03 12:43:31,633 :: DEBUG :: Debut Traitement de : [D:\Documents\ISEN\Python - git\Python\TP3\server_local\test\mdr]
2017-12-03 12:43:31,633 :: DEBUG :: Traitement [ae.txt]
2017-12-03 12:43:31,633 :: DEBUG :: Traitement [ze.txt]
2017-12-03 12:43:31,633 :: DEBUG :: Traitement [test.txt]
2017-12-03 12:43:31,649 :: DEBUG :: Traitement [test2.txt]
2017-12-03 12:43:31,649 :: DEBUG :: Traitement [truuc.txt]
2017-12-03 12:43:31,649 :: DEBUG :: Traitement [truc.txt]
2017-12-03 12:43:31,649 :: DEBUG :: Fin de l'envoi : 1
2017-12-03 12:43:46,664 :: DEBUG :: upload_this_recurrence / D:\Documents\ISEN\Python - git\Python\TP3\server_local 1
2017-12-03 12:43:46,664 :: DEBUG :: Debut Traitement de : [D:\Documents\ISEN\Python - git\Python\TP3\server_local]
2017-12-03 12:43:46,664 :: DEBUG :: Traitement [alo.txt]
2017-12-03 12:43:46,664 :: DEBUG :: Traitement [bite.txt]
2017-12-03 12:43:46,664 :: DEBUG :: Traitement sous dossier [Dossier_1]
2017-12-03 12:43:46,664 :: DEBUG :: upload_this_recurrence /Dossier_1 D:\Documents\ISEN\Python - git\Python\TP3\server_local\Dossier_1 2
2017-12-03 12:43:46,664 :: DEBUG :: Debut Traitement de : [D:\Documents\ISEN\Python - git\Python\TP3\server_local\Dossier_1]
2017-12-03 12:43:46,664 :: DEBUG :: Traitement sous dossier [Dossier_2]
2017-12-03 12:43:46,664 :: DEBUG :: upload_this_recurrence /Dossier_1/Dossier_2 D:\Documents\ISEN\Python - git\Python\TP3\server_local\Dossier_1\Dossier_2 3
2017-12-03 12:43:46,664 :: DEBUG :: Debut Traitement de : [D:\Documents\ISEN\Python - git\Python\TP3\server_local\Dossier_1\Dossier_2]
2017-12-03 12:43:46,664 :: DEBUG :: Traitement sous dossier [Dossier_3]
2017-12-03 12:43:46,664 :: DEBUG :: upload_this_recurrence /Dossier_1/Dossier_2/Dossier_3 D:\Documents\ISEN\Python - git\Python\TP3\server_local\Dossier_1\Dossier_2\Dossier_3 4
2017-12-03 12:43:46,664 :: DEBUG :: Debut Traitement de : [D:\Documents\ISEN\Python - git\Python\TP3\server_local\Dossier_1\Dossier_2\Dossier_3]
2017-12-03 12:43:46,664 :: DEBUG :: Traitement sous dossier [Dossier_4]
2017-12-03 12:43:46,664 :: DEBUG :: upload_this_recurrence /Dossier_1/Dossier_2/Dossier_3/Dossier_4 D:\Documents\ISEN\Python - git\Python\TP3\server_local\Dossier_1\Dossier_2\Dossier_3\Dossier_4 5
2017-12-03 12:43:46,664 :: DEBUG :: Debut Traitement de : [D:\Documents\ISEN\Python - git\Python\TP3\server_local\Dossier_1\Dossier_2\Dossier_3\Dossier_4]
2017-12-03 12:43:46,664 :: DEBUG :: Traitement sous dossier [Dossier_5]
2017-12-03 12:43:46,664 :: DEBUG :: upload_this_recurrence /Dossier_1/Dossier_2/Dossier_3/Dossier_4/Dossier_5 D:\Documents\ISEN\Python - git\Python\TP3\server_local\Dossier_1\Dossier_2\Dossier_3\Dossier_4\Dossier_5 6
2017-12-03 12:43:46,664 :: DEBUG :: Debut Traitement de : [D:\Documents\ISEN\Python - git\Python\TP3\server_local\Dossier_1\Dossier_2\Dossier_3\Dossier_4\Dossier_5]
2017-12-03 12:43:46,664 :: DEBUG :: Traitement [Nouveau document texte.txt]
2017-12-03 12:43:46,679 :: DEBUG :: Traitement [Nouveau document texte.txt]
2017-12-03 12:43:46,679 :: DEBUG :: Traitement sous dossier [robert]
2017-12-03 12:43:46,679 :: DEBUG :: upload_this_recurrence /robert D:\Documents\ISEN\Python - git\Python\TP3\server_local\robert 2
2017-12-03 12:43:46,679 :: DEBUG :: Debut Traitement de : [D:\Documents\ISEN\Python - git\Python\TP3\server_local\robert]
2017-12-03 12:43:46,679 :: DEBUG :: Traitement [caca.txt]
2017-12-03 12:43:46,679 :: DEBUG :: Traitement [test.txt]
2017-12-03 12:43:46,679 :: DEBUG :: Traitement sous dossier [test]
2017-12-03 12:43:46,679 :: DEBUG :: upload_this_recurrence /test D:\Documents\ISEN\Python - git\Python\TP3\server_local\test 2
2017-12-03 12:43:46,679 :: DEBUG :: Debut Traitement de : [D:\Documents\ISEN\Python - git\Python\TP3\server_local\test]
2017-12-03 12:43:46,679 :: DEBUG :: Traitement [caca.txt]
2017-12-03 12:43:46,679 :: DEBUG :: Traitement sous dossier [mdr]
2017-12-03 12:43:46,679 :: DEBUG :: upload_this_recurrence /test/mdr D:\Documents\ISEN\Python - git\Python\TP3\server_local\test\mdr 3
2017-12-03 12:43:46,679 :: DEBUG :: Debut Traitement de : [D:\Documents\ISEN\Python - git\Python\TP3\server_local\test\mdr]
2017-12-03 12:43:46,679 :: DEBUG :: Traitement [ae.txt]
2017-12-03 12:43:46,679 :: DEBUG :: Traitement [ze.txt]
2017-12-03 12:43:46,679 :: DEBUG :: Traitement [test.txt]
2017-12-03 12:43:46,679 :: DEBUG :: Traitement [test2.txt]
2017-12-03 12:43:46,679 :: DEBUG :: Traitement [truuc.txt]
2017-12-03 12:43:46,679 :: DEBUG :: Traitement [truc.txt]
2017-12-03 12:43:46,717 :: DEBUG :: Fin de l'envoi : 2
2017-12-03 12:44:01,719 :: DEBUG :: upload_this_recurrence / D:\Documents\ISEN\Python - git\Python\TP3\server_local 1
2017-12-03 12:44:01,719 :: DEBUG :: Debut Traitement de : [D:\Documents\ISEN\Python - git\Python\TP3\server_local]
2017-12-03 12:44:01,719 :: DEBUG :: Traitement [alo.txt]
2017-12-03 12:44:01,719 :: DEBUG :: Traitement [bite.txt]
2017-12-03 12:44:01,719 :: DEBUG :: Traitement sous dossier [Dossier_1]
2017-12-03 12:44:01,719 :: DEBUG :: upload_this_recurrence /Dossier_1 D:\Documents\ISEN\Python - git\Python\TP3\server_local\Dossier_1 2
2017-12-03 12:44:01,719 :: DEBUG :: Debut Traitement de : [D:\Documents\ISEN\Python - git\Python\TP3\server_local\Dossier_1]
2017-12-03 12:44:01,719 :: DEBUG :: Traitement sous dossier [Dossier_2]
2017-12-03 12:44:01,719 :: DEBUG :: upload_this_recurrence /Dossier_1/Dossier_2 D:\Documents\ISEN\Python - git\Python\TP3\server_local\Dossier_1\Dossier_2 3
2017-12-03 12:44:01,719 :: DEBUG :: Debut Traitement de : [D:\Documents\ISEN\Python - git\Python\TP3\server_local\Dossier_1\Dossier_2]
2017-12-03 12:44:01,719 :: DEBUG :: Traitement sous dossier [Dossier_3]
2017-12-03 12:44:01,719 :: DEBUG :: upload_this_recurrence /Dossier_1/Dossier_2/Dossier_3 D:\Documents\ISEN\Python - git\Python\TP3\server_local\Dossier_1\Dossier_2\Dossier_3 4
2017-12-03 12:44:01,719 :: DEBUG :: Debut Traitement de : [D:\Documents\ISEN\Python - git\Python\TP3\server_local\Dossier_1\Dossier_2\Dossier_3]
2017-12-03 12:44:01,719 :: DEBUG :: Traitement sous dossier [Dossier_4]
2017-12-03 12:44:01,719 :: DEBUG :: upload_this_recurrence /Dossier_1/Dossier_2/Dossier_3/Dossier_4 D:\Documents\ISEN\Python - git\Python\TP3\server_local\Dossier_1\Dossier_2\Dossier_3\Dossier_4 5
2017-12-03 12:44:01,719 :: DEBUG :: Debut Traitement de : [D:\Documents\ISEN\Python - git\Python\TP3\server_local\Dossier_1\Dossier_2\Dossier_3\Dossier_4]
2017-12-03 12:44:01,719 :: DEBUG :: Traitement sous dossier [Dossier_5]
2017-12-03 12:44:01,719 :: DEBUG :: upload_this_recurrence /Dossier_1/Dossier_2/Dossier_3/Dossier_4/Dossier_5 D:\Documents\ISEN\Python - git\Python\TP3\server_local\Dossier_1\Dossier_2\Dossier_3\Dossier_4\Dossier_5 6
2017-12-03 12:44:01,719 :: DEBUG :: Debut Traitement de : [D:\Documents\ISEN\Python - git\Python\TP3\server_local\Dossier_1\Dossier_2\Dossier_3\Dossier_4\Dossier_5]
2017-12-03 12:44:01,719 :: DEBUG :: Traitement [Nouveau document texte.txt]
2017-12-03 12:44:01,719 :: DEBUG :: Traitement [Nouveau document texte.txt]
2017-12-03 12:44:01,719 :: DEBUG :: Traitement sous dossier [robert]
2017-12-03 12:44:01,719 :: DEBUG :: upload_this_recurrence /robert D:\Documents\ISEN\Python - git\Python\TP3\server_local\robert 2
2017-12-03 12:44:01,719 :: DEBUG :: Debut Traitement de : [D:\Documents\ISEN\Python - git\Python\TP3\server_local\robert]
2017-12-03 12:44:01,719 :: DEBUG :: Traitement [caca.txt]
2017-12-03 12:44:01,719 :: DEBUG :: Traitement [test.txt]
2017-12-03 12:44:01,719 :: DEBUG :: Traitement sous dossier [test]
2017-12-03 12:44:01,719 :: DEBUG :: upload_this_recurrence /test D:\Documents\ISEN\Python - git\Python\TP3\server_local\test 2
2017-12-03 12:44:01,719 :: DEBUG :: Debut Traitement de : [D:\Documents\ISEN\Python - git\Python\TP3\server_local\test]
2017-12-03 12:44:01,719 :: DEBUG :: Traitement [caca.txt]
2017-12-03 12:44:01,719 :: DEBUG :: Traitement sous dossier [mdr]
2017-12-03 12:44:01,719 :: DEBUG :: upload_this_recurrence /test/mdr D:\Documents\ISEN\Python - git\Python\TP3\server_local\test\mdr 3
2017-12-03 12:44:01,719 :: DEBUG :: Debut Traitement de : [D:\Documents\ISEN\Python - git\Python\TP3\server_local\test\mdr]
2017-12-03 12:44:01,719 :: DEBUG :: Traitement [ae.txt]
2017-12-03 12:44:01,719 :: DEBUG :: Traitement [ze.txt]
2017-12-03 12:44:01,734 :: DEBUG :: Traitement [test.txt]
2017-12-03 12:44:01,734 :: DEBUG :: Traitement [test2.txt]
2017-12-03 12:44:01,734 :: DEBUG :: Traitement [truuc.txt]
2017-12-03 12:44:01,734 :: DEBUG :: Traitement [truc.txt]
2017-12-03 12:44:01,750 :: DEBUG :: Fin de l'envoi : 3
2017-12-03 12:44:16,758 :: ERROR :: error when upload_this : [WinError 10053] Une connexion établie a été abandonnée par un logiciel de votre ordinateur hôte
2017-12-03 12:44:16,758 :: ERROR :: error when destroy_unused_files : [WinError 10053] Une connexion établie a été abandonnée par un logiciel de votre ordinateur hôte
2017-12-03 12:44:16,758 :: DEBUG :: Fin de l'envoi : 4
2017-12-03 12:44:31,760 :: INFO :: Connexion :220 Welcome to our server !
2017-12-03 12:44:31,760 :: DEBUG :: upload_this_recurrence / D:\Documents\ISEN\Python - git\Python\TP3\server_local 1
2017-12-03 12:44:31,760 :: DEBUG :: Debut Traitement de : [D:\Documents\ISEN\Python - git\Python\TP3\server_local]
2017-12-03 12:44:31,760 :: DEBUG :: Traitement [alo.txt]
2017-12-03 12:44:31,760 :: DEBUG :: Traitement [bite.txt]
2017-12-03 12:44:31,760 :: DEBUG :: Traitement sous dossier [Dossier_1]
2017-12-03 12:44:31,760 :: DEBUG :: upload_this_recurrence /Dossier_1 D:\Documents\ISEN\Python - git\Python\TP3\server_local\Dossier_1 2
2017-12-03 12:44:31,760 :: DEBUG :: Debut Traitement de : [D:\Documents\ISEN\Python - git\Python\TP3\server_local\Dossier_1]
2017-12-03 12:44:31,760 :: DEBUG :: Traitement sous dossier [Dossier_2]
2017-12-03 12:44:31,760 :: DEBUG :: upload_this_recurrence /Dossier_1/Dossier_2 D:\Documents\ISEN\Python - git\Python\TP3\server_local\Dossier_1\Dossier_2 3
2017-12-03 12:44:31,760 :: DEBUG :: Debut Traitement de : [D:\Documents\ISEN\Python - git\Python\TP3\server_local\Dossier_1\Dossier_2]
2017-12-03 12:44:31,760 :: DEBUG :: Traitement sous dossier [Dossier_3]
2017-12-03 12:44:31,760 :: DEBUG :: upload_this_recurrence /Dossier_1/Dossier_2/Dossier_3 D:\Documents\ISEN\Python - git\Python\TP3\server_local\Dossier_1\Dossier_2\Dossier_3 4
2017-12-03 12:44:31,760 :: DEBUG :: Debut Traitement de : [D:\Documents\ISEN\Python - git\Python\TP3\server_local\Dossier_1\Dossier_2\Dossier_3]
2017-12-03 12:44:31,760 :: DEBUG :: Traitement sous dossier [Dossier_4]
2017-12-03 12:44:31,776 :: DEBUG :: upload_this_recurrence /Dossier_1/Dossier_2/Dossier_3/Dossier_4 D:\Documents\ISEN\Python - git\Python\TP3\server_local\Dossier_1\Dossier_2\Dossier_3\Dossier_4 5
2017-12-03 12:44:31,776 :: DEBUG :: Debut Traitement de : [D:\Documents\ISEN\Python - git\Python\TP3\server_local\Dossier_1\Dossier_2\Dossier_3\Dossier_4]
2017-12-03 12:44:31,776 :: DEBUG :: Traitement sous dossier [Dossier_5]
2017-12-03 12:44:31,776 :: DEBUG :: upload_this_recurrence /Dossier_1/Dossier_2/Dossier_3/Dossier_4/Dossier_5 D:\Documents\ISEN\Python - git\Python\TP3\server_local\Dossier_1\Dossier_2\Dossier_3\Dossier_4\Dossier_5 6
2017-12-03 12:44:31,776 :: DEBUG :: Debut Traitement de : [D:\Documents\ISEN\Python - git\Python\TP3\server_local\Dossier_1\Dossier_2\Dossier_3\Dossier_4\Dossier_5]
2017-12-03 12:44:31,776 :: DEBUG :: Traitement [Nouveau document texte.txt]
2017-12-03 12:44:31,776 :: DEBUG :: Traitement [Nouveau document texte.txt]
2017-12-03 12:44:31,776 :: DEBUG :: Traitement sous dossier [robert]
2017-12-03 12:44:31,776 :: DEBUG :: upload_this_recurrence /robert D:\Documents\ISEN\Python - git\Python\TP3\server_local\robert 2
2017-12-03 12:44:31,776 :: DEBUG :: Debut Traitement de : [D:\Documents\ISEN\Python - git\Python\TP3\server_local\robert]
2017-12-03 12:44:31,776 :: DEBUG :: Traitement [caca.txt]
2017-12-03 12:44:31,776 :: DEBUG :: Traitement [test.txt]
2017-12-03 12:44:31,791 :: DEBUG :: Traitement sous dossier [test]
2017-12-03 12:44:31,791 :: DEBUG :: upload_this_recurrence /test D:\Documents\ISEN\Python - git\Python\TP3\server_local\test 2
2017-12-03 12:44:31,791 :: DEBUG :: Debut Traitement de : [D:\Documents\ISEN\Python - git\Python\TP3\server_local\test]
2017-12-03 12:44:31,791 :: DEBUG :: Traitement [caca.txt]
2017-12-03 12:44:31,791 :: DEBUG :: Traitement sous dossier [mdr]
2017-12-03 12:44:31,791 :: DEBUG :: upload_this_recurrence /test/mdr D:\Documents\ISEN\Python - git\Python\TP3\server_local\test\mdr 3
2017-12-03 12:44:31,791 :: DEBUG :: Debut Traitement de : [D:\Documents\ISEN\Python - git\Python\TP3\server_local\test\mdr]
2017-12-03 12:44:31,791 :: DEBUG :: Traitement [ae.txt]
2017-12-03 12:44:31,791 :: DEBUG :: Traitement [ze.txt]
2017-12-03 12:44:31,791 :: DEBUG :: Traitement [test.txt]
2017-12-03 12:44:31,791 :: DEBUG :: Traitement [test2.txt]
2017-12-03 12:44:31,791 :: DEBUG :: Traitement [truuc.txt]
2017-12-03 12:44:31,791 :: DEBUG :: Traitement [truc.txt]
2017-12-03 12:44:31,807 :: DEBUG :: Fin de l'envoi : 5
2017-12-03 12:44:46,812 :: DEBUG :: upload_this_recurrence / D:\Documents\ISEN\Python - git\Python\TP3\server_local 1
2017-12-03 12:44:46,812 :: DEBUG :: Debut Traitement de : [D:\Documents\ISEN\Python - git\Python\TP3\server_local]
2017-12-03 12:44:46,812 :: DEBUG :: Traitement [alo.txt]
2017-12-03 12:44:46,812 :: DEBUG :: Traitement [bite.txt]
2017-12-03 12:44:46,812 :: DEBUG :: Traitement sous dossier [Dossier_1]
2017-12-03 12:44:46,812 :: DEBUG :: upload_this_recurrence /Dossier_1 D:\Documents\ISEN\Python - git\Python\TP3\server_local\Dossier_1 2
2017-12-03 12:44:46,812 :: DEBUG :: Debut Traitement de : [D:\Documents\ISEN\Python - git\Python\TP3\server_local\Dossier_1]
2017-12-03 12:44:46,812 :: DEBUG :: Traitement sous dossier [Dossier_2]
2017-12-03 12:44:46,812 :: DEBUG :: upload_this_recurrence /Dossier_1/Dossier_2 D:\Documents\ISEN\Python - git\Python\TP3\server_local\Dossier_1\Dossier_2 3
2017-12-03 12:44:46,812 :: DEBUG :: Debut Traitement de : [D:\Documents\ISEN\Python - git\Python\TP3\server_local\Dossier_1\Dossier_2]
2017-12-03 12:44:46,812 :: DEBUG :: Traitement sous dossier [Dossier_3]
2017-12-03 12:44:46,812 :: DEBUG :: upload_this_recurrence /Dossier_1/Dossier_2/Dossier_3 D:\Documents\ISEN\Python - git\Python\TP3\server_local\Dossier_1\Dossier_2\Dossier_3 4
2017-12-03 12:44:46,812 :: DEBUG :: Debut Traitement de : [D:\Documents\ISEN\Python - git\Python\TP3\server_local\Dossier_1\Dossier_2\Dossier_3]
2017-12-03 12:44:46,812 :: DEBUG :: Traitement sous dossier [Dossier_4]
2017-12-03 12:44:46,812 :: DEBUG :: upload_this_recurrence /Dossier_1/Dossier_2/Dossier_3/Dossier_4 D:\Documents\ISEN\Python - git\Python\TP3\server_local\Dossier_1\Dossier_2\Dossier_3\Dossier_4 5
2017-12-03 12:44:46,812 :: DEBUG :: Debut Traitement de : [D:\Documents\ISEN\Python - git\Python\TP3\server_local\Dossier_1\Dossier_2\Dossier_3\Dossier_4]
2017-12-03 12:44:46,812 :: DEBUG :: Traitement sous dossier [Dossier_5]
2017-12-03 12:44:46,827 :: DEBUG :: upload_this_recurrence /Dossier_1/Dossier_2/Dossier_3/Dossier_4/Dossier_5 D:\Documents\ISEN\Python - git\Python\TP3\server_local\Dossier_1\Dossier_2\Dossier_3\Dossier_4\Dossier_5 6
2017-12-03 12:44:46,827 :: DEBUG :: Debut Traitement de : [D:\Documents\ISEN\Python - git\Python\TP3\server_local\Dossier_1\Dossier_2\Dossier_3\Dossier_4\Dossier_5]
2017-12-03 12:44:46,827 :: DEBUG :: Traitement [Nouveau document texte.txt]
2017-12-03 12:44:46,827 :: DEBUG :: Traitement [Nouveau document texte.txt]
2017-12-03 12:44:46,827 :: DEBUG :: Traitement sous dossier [robert]
2017-12-03 12:44:46,827 :: DEBUG :: upload_this_recurrence /robert D:\Documents\ISEN\Python - git\Python\TP3\server_local\robert 2
2017-12-03 12:44:46,827 :: DEBUG :: Debut Traitement de : [D:\Documents\ISEN\Python - git\Python\TP3\server_local\robert]
2017-12-03 12:44:46,827 :: DEBUG :: Traitement [caca.txt]
2017-12-03 12:44:46,827 :: DEBUG :: Traitement [test.txt]
2017-12-03 12:44:46,827 :: DEBUG :: Traitement sous dossier [test]
2017-12-03 12:44:46,827 :: DEBUG :: upload_this_recurrence /test D:\Documents\ISEN\Python - git\Python\TP3\server_local\test 2
2017-12-03 12:44:46,827 :: DEBUG :: Debut Traitement de : [D:\Documents\ISEN\Python - git\Python\TP3\server_local\test]
2017-12-03 12:44:46,827 :: DEBUG :: Traitement [caca.txt]
2017-12-03 12:44:46,827 :: DEBUG :: Traitement sous dossier [mdr]
2017-12-03 12:44:46,827 :: DEBUG :: upload_this_recurrence /test/mdr D:\Documents\ISEN\Python - git\Python\TP3\server_local\test\mdr 3
2017-12-03 12:44:46,827 :: DEBUG :: Debut Traitement de : [D:\Documents\ISEN\Python - git\Python\TP3\server_local\test\mdr]
2017-12-03 12:44:46,827 :: DEBUG :: Traitement [ae.txt]
2017-12-03 12:44:46,827 :: DEBUG :: Traitement [ze.txt]
2017-12-03 12:44:46,827 :: DEBUG :: Traitement [test.txt]
2017-12-03 12:44:46,827 :: DEBUG :: Traitement [test2.txt]
2017-12-03 12:44:46,827 :: DEBUG :: Traitement [truuc.txt]
2017-12-03 12:44:46,844 :: DEBUG :: Traitement [truc.txt]
2017-12-03 12:44:46,865 :: DEBUG :: Fin de l'envoi : 6
2017-12-03 12:45:01,879 :: DEBUG :: upload_this_recurrence / D:\Documents\ISEN\Python - git\Python\TP3\server_local 1
2017-12-03 12:45:01,879 :: DEBUG :: Debut Traitement de : [D:\Documents\ISEN\Python - git\Python\TP3\server_local]
2017-12-03 12:45:01,879 :: DEBUG :: Traitement [alo.txt]
2017-12-03 12:45:01,879 :: DEBUG :: Traitement [bite.txt]
2017-12-03 12:45:01,879 :: DEBUG :: Traitement sous dossier [Dossier_1]
2017-12-03 12:45:01,879 :: DEBUG :: upload_this_recurrence /Dossier_1 D:\Documents\ISEN\Python - git\Python\TP3\server_local\Dossier_1 2
2017-12-03 12:45:01,879 :: DEBUG :: Debut Traitement de : [D:\Documents\ISEN\Python - git\Python\TP3\server_local\Dossier_1]
2017-12-03 12:45:01,879 :: DEBUG :: Traitement sous dossier [Dossier_2]
2017-12-03 12:45:01,879 :: DEBUG :: upload_this_recurrence /Dossier_1/Dossier_2 D:\Documents\ISEN\Python - git\Python\TP3\server_local\Dossier_1\Dossier_2 3
2017-12-03 12:45:01,879 :: DEBUG :: Debut Traitement de : [D:\Documents\ISEN\Python - git\Python\TP3\server_local\Dossier_1\Dossier_2]
2017-12-03 12:45:01,879 :: DEBUG :: Traitement sous dossier [Dossier_3]
2017-12-03 12:45:01,879 :: DEBUG :: upload_this_recurrence /Dossier_1/Dossier_2/Dossier_3 D:\Documents\ISEN\Python - git\Python\TP3\server_local\Dossier_1\Dossier_2\Dossier_3 4
2017-12-03 12:45:01,879 :: DEBUG :: Debut Traitement de : [D:\Documents\ISEN\Python - git\Python\TP3\server_local\Dossier_1\Dossier_2\Dossier_3]
2017-12-03 12:45:01,879 :: DEBUG :: Traitement sous dossier [Dossier_4]
2017-12-03 12:45:01,879 :: DEBUG :: upload_this_recurrence /Dossier_1/Dossier_2/Dossier_3/Dossier_4 D:\Documents\ISEN\Python - git\Python\TP3\server_local\Dossier_1\Dossier_2\Dossier_3\Dossier_4 5
2017-12-03 12:45:01,879 :: DEBUG :: Debut Traitement de : [D:\Documents\ISEN\Python - git\Python\TP3\server_local\Dossier_1\Dossier_2\Dossier_3\Dossier_4]
2017-12-03 12:45:01,879 :: DEBUG :: Traitement sous dossier [Dossier_5]
2017-12-03 12:45:01,895 :: DEBUG :: upload_this_recurrence /Dossier_1/Dossier_2/Dossier_3/Dossier_4/Dossier_5 D:\Documents\ISEN\Python - git\Python\TP3\server_local\Dossier_1\Dossier_2\Dossier_3\Dossier_4\Dossier_5 6
2017-12-03 12:45:01,895 :: DEBUG :: Debut Traitement de : [D:\Documents\ISEN\Python - git\Python\TP3\server_local\Dossier_1\Dossier_2\Dossier_3\Dossier_4\Dossier_5]
2017-12-03 12:45:01,895 :: DEBUG :: Traitement [Nouveau document texte.txt]
2017-12-03 12:45:01,895 :: DEBUG :: Traitement [Nouveau document texte.txt]
2017-12-03 12:45:01,895 :: DEBUG :: Traitement sous dossier [robert]
2017-12-03 12:45:01,895 :: DEBUG :: upload_this_recurrence /robert D:\Documents\ISEN\Python - git\Python\TP3\server_local\robert 2
2017-12-03 12:45:01,895 :: DEBUG :: Debut Traitement de : [D:\Documents\ISEN\Python - git\Python\TP3\server_local\robert]
2017-12-03 12:45:01,895 :: DEBUG :: Traitement [caca.txt]
2017-12-03 12:45:01,895 :: DEBUG :: Traitement [test.txt]
2017-12-03 12:45:01,895 :: DEBUG :: Traitement sous dossier [test]
2017-12-03 12:45:01,895 :: DEBUG :: upload_this_recurrence /test D:\Documents\ISEN\Python - git\Python\TP3\server_local\test 2
2017-12-03 12:45:01,895 :: DEBUG :: Debut Traitement de : [D:\Documents\ISEN\Python - git\Python\TP3\server_local\test]
2017-12-03 12:45:01,895 :: DEBUG :: Traitement [caca.txt]
2017-12-03 12:45:01,895 :: DEBUG :: Traitement sous dossier [mdr]
2017-12-03 12:45:01,895 :: DEBUG :: upload_this_recurrence /test/mdr D:\Documents\ISEN\Python - git\Python\TP3\server_local\test\mdr 3
2017-12-03 12:45:01,895 :: DEBUG :: Debut Traitement de : [D:\Documents\ISEN\Python - git\Python\TP3\server_local\test\mdr]
2017-12-03 12:45:01,910 :: DEBUG :: Traitement [ae.txt]
2017-12-03 12:45:01,910 :: DEBUG :: Traitement [ze.txt]
2017-12-03 12:45:01,910 :: DEBUG :: Traitement [test.txt]
2017-12-03 12:45:01,910 :: DEBUG :: Traitement [test2.txt]
2017-12-03 12:45:01,910 :: DEBUG :: Traitement [truuc.txt]
2017-12-03 12:45:01,910 :: DEBUG :: Traitement [truc.txt]
2017-12-03 12:45:01,926 :: DEBUG :: Fin de l'envoi : 7
